The system is: Linux - 3.16.0-33-generic - x86_64
Compiling the C compiler identification source file "CMakeCCompilerId.c" succeeded.
Compiler: /usr/bin/cc 
Build flags: 
Id flags: 

The output was:
0


Compilation of the C compiler identification source "CMakeCCompilerId.c" produced "a.out"

The C compiler identification is GNU, found in "/home/cescuder/workspace/openrave_cescuder/build/CMakeFiles/2.8.12.2/CompilerIdC/a.out"

Compiling the CXX compiler identification source file "CMakeCXXCompilerId.cpp" succeeded.
Compiler: /usr/bin/c++ 
Build flags: 
Id flags: 

The output was:
0


Compilation of the CXX compiler identification source "CMakeCXXCompilerId.cpp" produced "a.out"

The CXX compiler identification is GNU, found in "/home/cescuder/workspace/openrave_cescuder/build/CMakeFiles/2.8.12.2/CompilerIdCXX/a.out"

Determining if the C compiler works passed with the following output:
Change Dir: /home/cescuder/workspace/openrave_cescuder/build/CMakeFiles/CMakeTmp

Run Build Command:/usr/bin/make "cmTryCompileExec2000273382/fast"
/usr/bin/make -f CMakeFiles/cmTryCompileExec2000273382.dir/build.make CMakeFiles/cmTryCompileExec2000273382.dir/build
make[1]: Entering directory `/home/cescuder/workspace/openrave_cescuder/build/CMakeFiles/CMakeTmp'
/usr/bin/cmake -E cmake_progress_report /home/cescuder/workspace/openrave_cescuder/build/CMakeFiles/CMakeTmp/CMakeFiles 1
Building C object CMakeFiles/cmTryCompileExec2000273382.dir/testCCompiler.c.o
/usr/bin/cc    -o CMakeFiles/cmTryCompileExec2000273382.dir/testCCompiler.c.o   -c /home/cescuder/workspace/openrave_cescuder/build/CMakeFiles/CMakeTmp/testCCompiler.c
Linking C executable cmTryCompileExec2000273382
/usr/bin/cmake -E cmake_link_script CMakeFiles/cmTryCompileExec2000273382.dir/link.txt --verbose=1
/usr/bin/cc       CMakeFiles/cmTryCompileExec2000273382.dir/testCCompiler.c.o  -o cmTryCompileExec2000273382 -rdynamic 
make[1]: Leaving directory `/home/cescuder/workspace/openrave_cescuder/build/CMakeFiles/CMakeTmp'


Detecting C compiler ABI info compiled with the following output:
Change Dir: /home/cescuder/workspace/openrave_cescuder/build/CMakeFiles/CMakeTmp

Run Build Command:/usr/bin/make "cmTryCompileExec2349629936/fast"
/usr/bin/make -f CMakeFiles/cmTryCompileExec2349629936.dir/build.make CMakeFiles/cmTryCompileExec2349629936.dir/build
make[1]: Entering directory `/home/cescuder/workspace/openrave_cescuder/build/CMakeFiles/CMakeTmp'
/usr/bin/cmake -E cmake_progress_report /home/cescuder/workspace/openrave_cescuder/build/CMakeFiles/CMakeTmp/CMakeFiles 1
Building C object CMakeFiles/cmTryCompileExec2349629936.dir/CMakeCCompilerABI.c.o
/usr/bin/cc    -o CMakeFiles/cmTryCompileExec2349629936.dir/CMakeCCompilerABI.c.o   -c /usr/share/cmake-2.8/Modules/CMakeCCompilerABI.c
Linking C executable cmTryCompileExec2349629936
/usr/bin/cmake -E cmake_link_script CMakeFiles/cmTryCompileExec2349629936.dir/link.txt --verbose=1
/usr/bin/cc     -v CMakeFiles/cmTryCompileExec2349629936.dir/CMakeCCompilerABI.c.o  -o cmTryCompileExec2349629936 -rdynamic  
Using built-in specs.
COLLECT_GCC=/usr/bin/cc
COLLECT_LTO_WRAPPER=/usr/lib/gcc/x86_64-linux-gnu/4.8/lto-wrapper
Target: x86_64-linux-gnu
Configured with: ../src/configure -v --with-pkgversion='Ubuntu 4.8.4-2ubuntu1~14.04.3' --with-bugurl=file:///usr/share/doc/gcc-4.8/README.Bugs --enable-languages=c,c++,java,go,d,fortran,objc,obj-c++ --prefix=/usr --program-suffix=-4.8 --enable-shared --enable-linker-build-id --libexecdir=/usr/lib --without-included-gettext --enable-threads=posix --with-gxx-include-dir=/usr/include/c++/4.8 --libdir=/usr/lib --enable-nls --with-sysroot=/ --enable-clocale=gnu --enable-libstdcxx-debug --enable-libstdcxx-time=yes --enable-gnu-unique-object --disable-libmudflap --enable-plugin --with-system-zlib --disable-browser-plugin --enable-java-awt=gtk --enable-gtk-cairo --with-java-home=/usr/lib/jvm/java-1.5.0-gcj-4.8-amd64/jre --enable-java-home --with-jvm-root-dir=/usr/lib/jvm/java-1.5.0-gcj-4.8-amd64 --with-jvm-jar-dir=/usr/lib/jvm-exports/java-1.5.0-gcj-4.8-amd64 --with-arch-directory=amd64 --with-ecj-jar=/usr/share/java/eclipse-ecj.jar --enable-objc-gc --enable-multiarch --disable-werror --with-arch-32=i686 --with-abi=m64 --with-multilib-list=m32,m64,mx32 --with-tune=generic --enable-checking=release --build=x86_64-linux-gnu --host=x86_64-linux-gnu --target=x86_64-linux-gnu
Thread model: posix
gcc version 4.8.4 (Ubuntu 4.8.4-2ubuntu1~14.04.3) 
COMPILER_PATH=/usr/lib/gcc/x86_64-linux-gnu/4.8/:/usr/lib/gcc/x86_64-linux-gnu/4.8/:/usr/lib/gcc/x86_64-linux-gnu/:/usr/lib/gcc/x86_64-linux-gnu/4.8/:/usr/lib/gcc/x86_64-linux-gnu/
LIBRARY_PATH=/usr/lib/gcc/x86_64-linux-gnu/4.8/:/usr/lib/gcc/x86_64-linux-gnu/4.8/../../../x86_64-linux-gnu/:/usr/lib/gcc/x86_64-linux-gnu/4.8/../../../../lib/:/lib/x86_64-linux-gnu/:/lib/../lib/:/usr/lib/x86_64-linux-gnu/:/usr/lib/../lib/:/usr/lib/gcc/x86_64-linux-gnu/4.8/../../../:/lib/:/usr/lib/
COLLECT_GCC_OPTIONS='-v' '-o' 'cmTryCompileExec2349629936' '-rdynamic' '-mtune=generic' '-march=x86-64'
 /usr/lib/gcc/x86_64-linux-gnu/4.8/collect2 --sysroot=/ --build-id --eh-frame-hdr -m elf_x86_64 --hash-style=gnu --as-needed -export-dynamic -dynamic-linker /lib64/ld-linux-x86-64.so.2 -z relro -o cmTryCompileExec2349629936 /usr/lib/gcc/x86_64-linux-gnu/4.8/../../../x86_64-linux-gnu/crt1.o /usr/lib/gcc/x86_64-linux-gnu/4.8/../../../x86_64-linux-gnu/crti.o /usr/lib/gcc/x86_64-linux-gnu/4.8/crtbegin.o -L/usr/lib/gcc/x86_64-linux-gnu/4.8 -L/usr/lib/gcc/x86_64-linux-gnu/4.8/../../../x86_64-linux-gnu -L/usr/lib/gcc/x86_64-linux-gnu/4.8/../../../../lib -L/lib/x86_64-linux-gnu -L/lib/../lib -L/usr/lib/x86_64-linux-gnu -L/usr/lib/../lib -L/usr/lib/gcc/x86_64-linux-gnu/4.8/../../.. CMakeFiles/cmTryCompileExec2349629936.dir/CMakeCCompilerABI.c.o -lgcc --as-needed -lgcc_s --no-as-needed -lc -lgcc --as-needed -lgcc_s --no-as-needed /usr/lib/gcc/x86_64-linux-gnu/4.8/crtend.o /usr/lib/gcc/x86_64-linux-gnu/4.8/../../../x86_64-linux-gnu/crtn.o
make[1]: Leaving directory `/home/cescuder/workspace/openrave_cescuder/build/CMakeFiles/CMakeTmp'


Parsed C implicit link information from above output:
  link line regex: [^( *|.*[/\])(ld|([^/\]+-)?ld|collect2)[^/\]*( |$)]
  ignore line: [Change Dir: /home/cescuder/workspace/openrave_cescuder/build/CMakeFiles/CMakeTmp]
  ignore line: []
  ignore line: [Run Build Command:/usr/bin/make "cmTryCompileExec2349629936/fast"]
  ignore line: [/usr/bin/make -f CMakeFiles/cmTryCompileExec2349629936.dir/build.make CMakeFiles/cmTryCompileExec2349629936.dir/build]
  ignore line: [make[1]: Entering directory `/home/cescuder/workspace/openrave_cescuder/build/CMakeFiles/CMakeTmp']
  ignore line: [/usr/bin/cmake -E cmake_progress_report /home/cescuder/workspace/openrave_cescuder/build/CMakeFiles/CMakeTmp/CMakeFiles 1]
  ignore line: [Building C object CMakeFiles/cmTryCompileExec2349629936.dir/CMakeCCompilerABI.c.o]
  ignore line: [/usr/bin/cc    -o CMakeFiles/cmTryCompileExec2349629936.dir/CMakeCCompilerABI.c.o   -c /usr/share/cmake-2.8/Modules/CMakeCCompilerABI.c]
  ignore line: [Linking C executable cmTryCompileExec2349629936]
  ignore line: [/usr/bin/cmake -E cmake_link_script CMakeFiles/cmTryCompileExec2349629936.dir/link.txt --verbose=1]
  ignore line: [/usr/bin/cc     -v CMakeFiles/cmTryCompileExec2349629936.dir/CMakeCCompilerABI.c.o  -o cmTryCompileExec2349629936 -rdynamic  ]
  ignore line: [Using built-in specs.]
  ignore line: [COLLECT_GCC=/usr/bin/cc]
  ignore line: [COLLECT_LTO_WRAPPER=/usr/lib/gcc/x86_64-linux-gnu/4.8/lto-wrapper]
  ignore line: [Target: x86_64-linux-gnu]
  ignore line: [Configured with: ../src/configure -v --with-pkgversion='Ubuntu 4.8.4-2ubuntu1~14.04.3' --with-bugurl=file:///usr/share/doc/gcc-4.8/README.Bugs --enable-languages=c,c++,java,go,d,fortran,objc,obj-c++ --prefix=/usr --program-suffix=-4.8 --enable-shared --enable-linker-build-id --libexecdir=/usr/lib --without-included-gettext --enable-threads=posix --with-gxx-include-dir=/usr/include/c++/4.8 --libdir=/usr/lib --enable-nls --with-sysroot=/ --enable-clocale=gnu --enable-libstdcxx-debug --enable-libstdcxx-time=yes --enable-gnu-unique-object --disable-libmudflap --enable-plugin --with-system-zlib --disable-browser-plugin --enable-java-awt=gtk --enable-gtk-cairo --with-java-home=/usr/lib/jvm/java-1.5.0-gcj-4.8-amd64/jre --enable-java-home --with-jvm-root-dir=/usr/lib/jvm/java-1.5.0-gcj-4.8-amd64 --with-jvm-jar-dir=/usr/lib/jvm-exports/java-1.5.0-gcj-4.8-amd64 --with-arch-directory=amd64 --with-ecj-jar=/usr/share/java/eclipse-ecj.jar --enable-objc-gc --enable-multiarch --disable-werror --with-arch-32=i686 --with-abi=m64 --with-multilib-list=m32,m64,mx32 --with-tune=generic --enable-checking=release --build=x86_64-linux-gnu --host=x86_64-linux-gnu --target=x86_64-linux-gnu]
  ignore line: [Thread model: posix]
  ignore line: [gcc version 4.8.4 (Ubuntu 4.8.4-2ubuntu1~14.04.3) ]
  ignore line: [COMPILER_PATH=/usr/lib/gcc/x86_64-linux-gnu/4.8/:/usr/lib/gcc/x86_64-linux-gnu/4.8/:/usr/lib/gcc/x86_64-linux-gnu/:/usr/lib/gcc/x86_64-linux-gnu/4.8/:/usr/lib/gcc/x86_64-linux-gnu/]
  ignore line: [LIBRARY_PATH=/usr/lib/gcc/x86_64-linux-gnu/4.8/:/usr/lib/gcc/x86_64-linux-gnu/4.8/../../../x86_64-linux-gnu/:/usr/lib/gcc/x86_64-linux-gnu/4.8/../../../../lib/:/lib/x86_64-linux-gnu/:/lib/../lib/:/usr/lib/x86_64-linux-gnu/:/usr/lib/../lib/:/usr/lib/gcc/x86_64-linux-gnu/4.8/../../../:/lib/:/usr/lib/]
  ignore line: [COLLECT_GCC_OPTIONS='-v' '-o' 'cmTryCompileExec2349629936' '-rdynamic' '-mtune=generic' '-march=x86-64']
  link line: [ /usr/lib/gcc/x86_64-linux-gnu/4.8/collect2 --sysroot=/ --build-id --eh-frame-hdr -m elf_x86_64 --hash-style=gnu --as-needed -export-dynamic -dynamic-linker /lib64/ld-linux-x86-64.so.2 -z relro -o cmTryCompileExec2349629936 /usr/lib/gcc/x86_64-linux-gnu/4.8/../../../x86_64-linux-gnu/crt1.o /usr/lib/gcc/x86_64-linux-gnu/4.8/../../../x86_64-linux-gnu/crti.o /usr/lib/gcc/x86_64-linux-gnu/4.8/crtbegin.o -L/usr/lib/gcc/x86_64-linux-gnu/4.8 -L/usr/lib/gcc/x86_64-linux-gnu/4.8/../../../x86_64-linux-gnu -L/usr/lib/gcc/x86_64-linux-gnu/4.8/../../../../lib -L/lib/x86_64-linux-gnu -L/lib/../lib -L/usr/lib/x86_64-linux-gnu -L/usr/lib/../lib -L/usr/lib/gcc/x86_64-linux-gnu/4.8/../../.. CMakeFiles/cmTryCompileExec2349629936.dir/CMakeCCompilerABI.c.o -lgcc --as-needed -lgcc_s --no-as-needed -lc -lgcc --as-needed -lgcc_s --no-as-needed /usr/lib/gcc/x86_64-linux-gnu/4.8/crtend.o /usr/lib/gcc/x86_64-linux-gnu/4.8/../../../x86_64-linux-gnu/crtn.o]
    arg [/usr/lib/gcc/x86_64-linux-gnu/4.8/collect2] ==> ignore
    arg [--sysroot=/] ==> ignore
    arg [--build-id] ==> ignore
    arg [--eh-frame-hdr] ==> ignore
    arg [-m] ==> ignore
    arg [elf_x86_64] ==> ignore
    arg [--hash-style=gnu] ==> ignore
    arg [--as-needed] ==> ignore
    arg [-export-dynamic] ==> ignore
    arg [-dynamic-linker] ==> ignore
    arg [/lib64/ld-linux-x86-64.so.2] ==> ignore
    arg [-zrelro] ==> ignore
    arg [-o] ==> ignore
    arg [cmTryCompileExec2349629936] ==> ignore
    arg [/usr/lib/gcc/x86_64-linux-gnu/4.8/../../../x86_64-linux-gnu/crt1.o] ==> ignore
    arg [/usr/lib/gcc/x86_64-linux-gnu/4.8/../../../x86_64-linux-gnu/crti.o] ==> ignore
    arg [/usr/lib/gcc/x86_64-linux-gnu/4.8/crtbegin.o] ==> ignore
    arg [-L/usr/lib/gcc/x86_64-linux-gnu/4.8] ==> dir [/usr/lib/gcc/x86_64-linux-gnu/4.8]
    arg [-L/usr/lib/gcc/x86_64-linux-gnu/4.8/../../../x86_64-linux-gnu] ==> dir [/usr/lib/gcc/x86_64-linux-gnu/4.8/../../../x86_64-linux-gnu]
    arg [-L/usr/lib/gcc/x86_64-linux-gnu/4.8/../../../../lib] ==> dir [/usr/lib/gcc/x86_64-linux-gnu/4.8/../../../../lib]
    arg [-L/lib/x86_64-linux-gnu] ==> dir [/lib/x86_64-linux-gnu]
    arg [-L/lib/../lib] ==> dir [/lib/../lib]
    arg [-L/usr/lib/x86_64-linux-gnu] ==> dir [/usr/lib/x86_64-linux-gnu]
    arg [-L/usr/lib/../lib] ==> dir [/usr/lib/../lib]
    arg [-L/usr/lib/gcc/x86_64-linux-gnu/4.8/../../..] ==> dir [/usr/lib/gcc/x86_64-linux-gnu/4.8/../../..]
    arg [CMakeFiles/cmTryCompileExec2349629936.dir/CMakeCCompilerABI.c.o] ==> ignore
    arg [-lgcc] ==> lib [gcc]
    arg [--as-needed] ==> ignore
    arg [-lgcc_s] ==> lib [gcc_s]
    arg [--no-as-needed] ==> ignore
    arg [-lc] ==> lib [c]
    arg [-lgcc] ==> lib [gcc]
    arg [--as-needed] ==> ignore
    arg [-lgcc_s] ==> lib [gcc_s]
    arg [--no-as-needed] ==> ignore
    arg [/usr/lib/gcc/x86_64-linux-gnu/4.8/crtend.o] ==> ignore
    arg [/usr/lib/gcc/x86_64-linux-gnu/4.8/../../../x86_64-linux-gnu/crtn.o] ==> ignore
  remove lib [gcc]
  remove lib [gcc_s]
  remove lib [gcc]
  remove lib [gcc_s]
  collapse library dir [/usr/lib/gcc/x86_64-linux-gnu/4.8] ==> [/usr/lib/gcc/x86_64-linux-gnu/4.8]
  collapse library dir [/usr/lib/gcc/x86_64-linux-gnu/4.8/../../../x86_64-linux-gnu] ==> [/usr/lib/x86_64-linux-gnu]
  collapse library dir [/usr/lib/gcc/x86_64-linux-gnu/4.8/../../../../lib] ==> [/usr/lib]
  collapse library dir [/lib/x86_64-linux-gnu] ==> [/lib/x86_64-linux-gnu]
  collapse library dir [/lib/../lib] ==> [/lib]
  collapse library dir [/usr/lib/x86_64-linux-gnu] ==> [/usr/lib/x86_64-linux-gnu]
  collapse library dir [/usr/lib/../lib] ==> [/usr/lib]
  collapse library dir [/usr/lib/gcc/x86_64-linux-gnu/4.8/../../..] ==> [/usr/lib]
  implicit libs: [c]
  implicit dirs: [/usr/lib/gcc/x86_64-linux-gnu/4.8;/usr/lib/x86_64-linux-gnu;/usr/lib;/lib/x86_64-linux-gnu;/lib]
  implicit fwks: []


Determining if the CXX compiler works passed with the following output:
Change Dir: /home/cescuder/workspace/openrave_cescuder/build/CMakeFiles/CMakeTmp

Run Build Command:/usr/bin/make "cmTryCompileExec1017618472/fast"
/usr/bin/make -f CMakeFiles/cmTryCompileExec1017618472.dir/build.make CMakeFiles/cmTryCompileExec1017618472.dir/build
make[1]: Entering directory `/home/cescuder/workspace/openrave_cescuder/build/CMakeFiles/CMakeTmp'
/usr/bin/cmake -E cmake_progress_report /home/cescuder/workspace/openrave_cescuder/build/CMakeFiles/CMakeTmp/CMakeFiles 1
Building CXX object CMakeFiles/cmTryCompileExec1017618472.dir/testCXXCompiler.cxx.o
/usr/bin/c++     -o CMakeFiles/cmTryCompileExec1017618472.dir/testCXXCompiler.cxx.o -c /home/cescuder/workspace/openrave_cescuder/build/CMakeFiles/CMakeTmp/testCXXCompiler.cxx
Linking CXX executable cmTryCompileExec1017618472
/usr/bin/cmake -E cmake_link_script CMakeFiles/cmTryCompileExec1017618472.dir/link.txt --verbose=1
/usr/bin/c++        CMakeFiles/cmTryCompileExec1017618472.dir/testCXXCompiler.cxx.o  -o cmTryCompileExec1017618472 -rdynamic 
make[1]: Leaving directory `/home/cescuder/workspace/openrave_cescuder/build/CMakeFiles/CMakeTmp'


Detecting CXX compiler ABI info compiled with the following output:
Change Dir: /home/cescuder/workspace/openrave_cescuder/build/CMakeFiles/CMakeTmp

Run Build Command:/usr/bin/make "cmTryCompileExec553070002/fast"
/usr/bin/make -f CMakeFiles/cmTryCompileExec553070002.dir/build.make CMakeFiles/cmTryCompileExec553070002.dir/build
make[1]: Entering directory `/home/cescuder/workspace/openrave_cescuder/build/CMakeFiles/CMakeTmp'
/usr/bin/cmake -E cmake_progress_report /home/cescuder/workspace/openrave_cescuder/build/CMakeFiles/CMakeTmp/CMakeFiles 1
Building CXX object CMakeFiles/cmTryCompileExec553070002.dir/CMakeCXXCompilerABI.cpp.o
/usr/bin/c++     -o CMakeFiles/cmTryCompileExec553070002.dir/CMakeCXXCompilerABI.cpp.o -c /usr/share/cmake-2.8/Modules/CMakeCXXCompilerABI.cpp
Linking CXX executable cmTryCompileExec553070002
/usr/bin/cmake -E cmake_link_script CMakeFiles/cmTryCompileExec553070002.dir/link.txt --verbose=1
/usr/bin/c++      -v CMakeFiles/cmTryCompileExec553070002.dir/CMakeCXXCompilerABI.cpp.o  -o cmTryCompileExec553070002 -rdynamic  
Using built-in specs.
COLLECT_GCC=/usr/bin/c++
COLLECT_LTO_WRAPPER=/usr/lib/gcc/x86_64-linux-gnu/4.8/lto-wrapper
Target: x86_64-linux-gnu
Configured with: ../src/configure -v --with-pkgversion='Ubuntu 4.8.4-2ubuntu1~14.04.3' --with-bugurl=file:///usr/share/doc/gcc-4.8/README.Bugs --enable-languages=c,c++,java,go,d,fortran,objc,obj-c++ --prefix=/usr --program-suffix=-4.8 --enable-shared --enable-linker-build-id --libexecdir=/usr/lib --without-included-gettext --enable-threads=posix --with-gxx-include-dir=/usr/include/c++/4.8 --libdir=/usr/lib --enable-nls --with-sysroot=/ --enable-clocale=gnu --enable-libstdcxx-debug --enable-libstdcxx-time=yes --enable-gnu-unique-object --disable-libmudflap --enable-plugin --with-system-zlib --disable-browser-plugin --enable-java-awt=gtk --enable-gtk-cairo --with-java-home=/usr/lib/jvm/java-1.5.0-gcj-4.8-amd64/jre --enable-java-home --with-jvm-root-dir=/usr/lib/jvm/java-1.5.0-gcj-4.8-amd64 --with-jvm-jar-dir=/usr/lib/jvm-exports/java-1.5.0-gcj-4.8-amd64 --with-arch-directory=amd64 --with-ecj-jar=/usr/share/java/eclipse-ecj.jar --enable-objc-gc --enable-multiarch --disable-werror --with-arch-32=i686 --with-abi=m64 --with-multilib-list=m32,m64,mx32 --with-tune=generic --enable-checking=release --build=x86_64-linux-gnu --host=x86_64-linux-gnu --target=x86_64-linux-gnu
Thread model: posix
gcc version 4.8.4 (Ubuntu 4.8.4-2ubuntu1~14.04.3) 
COMPILER_PATH=/usr/lib/gcc/x86_64-linux-gnu/4.8/:/usr/lib/gcc/x86_64-linux-gnu/4.8/:/usr/lib/gcc/x86_64-linux-gnu/:/usr/lib/gcc/x86_64-linux-gnu/4.8/:/usr/lib/gcc/x86_64-linux-gnu/
LIBRARY_PATH=/usr/lib/gcc/x86_64-linux-gnu/4.8/:/usr/lib/gcc/x86_64-linux-gnu/4.8/../../../x86_64-linux-gnu/:/usr/lib/gcc/x86_64-linux-gnu/4.8/../../../../lib/:/lib/x86_64-linux-gnu/:/lib/../lib/:/usr/lib/x86_64-linux-gnu/:/usr/lib/../lib/:/usr/lib/gcc/x86_64-linux-gnu/4.8/../../../:/lib/:/usr/lib/
COLLECT_GCC_OPTIONS='-v' '-o' 'cmTryCompileExec553070002' '-rdynamic' '-shared-libgcc' '-mtune=generic' '-march=x86-64'
 /usr/lib/gcc/x86_64-linux-gnu/4.8/collect2 --sysroot=/ --build-id --eh-frame-hdr -m elf_x86_64 --hash-style=gnu --as-needed -export-dynamic -dynamic-linker /lib64/ld-linux-x86-64.so.2 -z relro -o cmTryCompileExec553070002 /usr/lib/gcc/x86_64-linux-gnu/4.8/../../../x86_64-linux-gnu/crt1.o /usr/lib/gcc/x86_64-linux-gnu/4.8/../../../x86_64-linux-gnu/crti.o /usr/lib/gcc/x86_64-linux-gnu/4.8/crtbegin.o -L/usr/lib/gcc/x86_64-linux-gnu/4.8 -L/usr/lib/gcc/x86_64-linux-gnu/4.8/../../../x86_64-linux-gnu -L/usr/lib/gcc/x86_64-linux-gnu/4.8/../../../../lib -L/lib/x86_64-linux-gnu -L/lib/../lib -L/usr/lib/x86_64-linux-gnu -L/usr/lib/../lib -L/usr/lib/gcc/x86_64-linux-gnu/4.8/../../.. CMakeFiles/cmTryCompileExec553070002.dir/CMakeCXXCompilerABI.cpp.o -lstdc++ -lm -lgcc_s -lgcc -lc -lgcc_s -lgcc /usr/lib/gcc/x86_64-linux-gnu/4.8/crtend.o /usr/lib/gcc/x86_64-linux-gnu/4.8/../../../x86_64-linux-gnu/crtn.o
make[1]: Leaving directory `/home/cescuder/workspace/openrave_cescuder/build/CMakeFiles/CMakeTmp'


Parsed CXX implicit link information from above output:
  link line regex: [^( *|.*[/\])(ld|([^/\]+-)?ld|collect2)[^/\]*( |$)]
  ignore line: [Change Dir: /home/cescuder/workspace/openrave_cescuder/build/CMakeFiles/CMakeTmp]
  ignore line: []
  ignore line: [Run Build Command:/usr/bin/make "cmTryCompileExec553070002/fast"]
  ignore line: [/usr/bin/make -f CMakeFiles/cmTryCompileExec553070002.dir/build.make CMakeFiles/cmTryCompileExec553070002.dir/build]
  ignore line: [make[1]: Entering directory `/home/cescuder/workspace/openrave_cescuder/build/CMakeFiles/CMakeTmp']
  ignore line: [/usr/bin/cmake -E cmake_progress_report /home/cescuder/workspace/openrave_cescuder/build/CMakeFiles/CMakeTmp/CMakeFiles 1]
  ignore line: [Building CXX object CMakeFiles/cmTryCompileExec553070002.dir/CMakeCXXCompilerABI.cpp.o]
  ignore line: [/usr/bin/c++     -o CMakeFiles/cmTryCompileExec553070002.dir/CMakeCXXCompilerABI.cpp.o -c /usr/share/cmake-2.8/Modules/CMakeCXXCompilerABI.cpp]
  ignore line: [Linking CXX executable cmTryCompileExec553070002]
  ignore line: [/usr/bin/cmake -E cmake_link_script CMakeFiles/cmTryCompileExec553070002.dir/link.txt --verbose=1]
  ignore line: [/usr/bin/c++      -v CMakeFiles/cmTryCompileExec553070002.dir/CMakeCXXCompilerABI.cpp.o  -o cmTryCompileExec553070002 -rdynamic  ]
  ignore line: [Using built-in specs.]
  ignore line: [COLLECT_GCC=/usr/bin/c++]
  ignore line: [COLLECT_LTO_WRAPPER=/usr/lib/gcc/x86_64-linux-gnu/4.8/lto-wrapper]
  ignore line: [Target: x86_64-linux-gnu]
  ignore line: [Configured with: ../src/configure -v --with-pkgversion='Ubuntu 4.8.4-2ubuntu1~14.04.3' --with-bugurl=file:///usr/share/doc/gcc-4.8/README.Bugs --enable-languages=c,c++,java,go,d,fortran,objc,obj-c++ --prefix=/usr --program-suffix=-4.8 --enable-shared --enable-linker-build-id --libexecdir=/usr/lib --without-included-gettext --enable-threads=posix --with-gxx-include-dir=/usr/include/c++/4.8 --libdir=/usr/lib --enable-nls --with-sysroot=/ --enable-clocale=gnu --enable-libstdcxx-debug --enable-libstdcxx-time=yes --enable-gnu-unique-object --disable-libmudflap --enable-plugin --with-system-zlib --disable-browser-plugin --enable-java-awt=gtk --enable-gtk-cairo --with-java-home=/usr/lib/jvm/java-1.5.0-gcj-4.8-amd64/jre --enable-java-home --with-jvm-root-dir=/usr/lib/jvm/java-1.5.0-gcj-4.8-amd64 --with-jvm-jar-dir=/usr/lib/jvm-exports/java-1.5.0-gcj-4.8-amd64 --with-arch-directory=amd64 --with-ecj-jar=/usr/share/java/eclipse-ecj.jar --enable-objc-gc --enable-multiarch --disable-werror --with-arch-32=i686 --with-abi=m64 --with-multilib-list=m32,m64,mx32 --with-tune=generic --enable-checking=release --build=x86_64-linux-gnu --host=x86_64-linux-gnu --target=x86_64-linux-gnu]
  ignore line: [Thread model: posix]
  ignore line: [gcc version 4.8.4 (Ubuntu 4.8.4-2ubuntu1~14.04.3) ]
  ignore line: [COMPILER_PATH=/usr/lib/gcc/x86_64-linux-gnu/4.8/:/usr/lib/gcc/x86_64-linux-gnu/4.8/:/usr/lib/gcc/x86_64-linux-gnu/:/usr/lib/gcc/x86_64-linux-gnu/4.8/:/usr/lib/gcc/x86_64-linux-gnu/]
  ignore line: [LIBRARY_PATH=/usr/lib/gcc/x86_64-linux-gnu/4.8/:/usr/lib/gcc/x86_64-linux-gnu/4.8/../../../x86_64-linux-gnu/:/usr/lib/gcc/x86_64-linux-gnu/4.8/../../../../lib/:/lib/x86_64-linux-gnu/:/lib/../lib/:/usr/lib/x86_64-linux-gnu/:/usr/lib/../lib/:/usr/lib/gcc/x86_64-linux-gnu/4.8/../../../:/lib/:/usr/lib/]
  ignore line: [COLLECT_GCC_OPTIONS='-v' '-o' 'cmTryCompileExec553070002' '-rdynamic' '-shared-libgcc' '-mtune=generic' '-march=x86-64']
  link line: [ /usr/lib/gcc/x86_64-linux-gnu/4.8/collect2 --sysroot=/ --build-id --eh-frame-hdr -m elf_x86_64 --hash-style=gnu --as-needed -export-dynamic -dynamic-linker /lib64/ld-linux-x86-64.so.2 -z relro -o cmTryCompileExec553070002 /usr/lib/gcc/x86_64-linux-gnu/4.8/../../../x86_64-linux-gnu/crt1.o /usr/lib/gcc/x86_64-linux-gnu/4.8/../../../x86_64-linux-gnu/crti.o /usr/lib/gcc/x86_64-linux-gnu/4.8/crtbegin.o -L/usr/lib/gcc/x86_64-linux-gnu/4.8 -L/usr/lib/gcc/x86_64-linux-gnu/4.8/../../../x86_64-linux-gnu -L/usr/lib/gcc/x86_64-linux-gnu/4.8/../../../../lib -L/lib/x86_64-linux-gnu -L/lib/../lib -L/usr/lib/x86_64-linux-gnu -L/usr/lib/../lib -L/usr/lib/gcc/x86_64-linux-gnu/4.8/../../.. CMakeFiles/cmTryCompileExec553070002.dir/CMakeCXXCompilerABI.cpp.o -lstdc++ -lm -lgcc_s -lgcc -lc -lgcc_s -lgcc /usr/lib/gcc/x86_64-linux-gnu/4.8/crtend.o /usr/lib/gcc/x86_64-linux-gnu/4.8/../../../x86_64-linux-gnu/crtn.o]
    arg [/usr/lib/gcc/x86_64-linux-gnu/4.8/collect2] ==> ignore
    arg [--sysroot=/] ==> ignore
    arg [--build-id] ==> ignore
    arg [--eh-frame-hdr] ==> ignore
    arg [-m] ==> ignore
    arg [elf_x86_64] ==> ignore
    arg [--hash-style=gnu] ==> ignore
    arg [--as-needed] ==> ignore
    arg [-export-dynamic] ==> ignore
    arg [-dynamic-linker] ==> ignore
    arg [/lib64/ld-linux-x86-64.so.2] ==> ignore
    arg [-zrelro] ==> ignore
    arg [-o] ==> ignore
    arg [cmTryCompileExec553070002] ==> ignore
    arg [/usr/lib/gcc/x86_64-linux-gnu/4.8/../../../x86_64-linux-gnu/crt1.o] ==> ignore
    arg [/usr/lib/gcc/x86_64-linux-gnu/4.8/../../../x86_64-linux-gnu/crti.o] ==> ignore
    arg [/usr/lib/gcc/x86_64-linux-gnu/4.8/crtbegin.o] ==> ignore
    arg [-L/usr/lib/gcc/x86_64-linux-gnu/4.8] ==> dir [/usr/lib/gcc/x86_64-linux-gnu/4.8]
    arg [-L/usr/lib/gcc/x86_64-linux-gnu/4.8/../../../x86_64-linux-gnu] ==> dir [/usr/lib/gcc/x86_64-linux-gnu/4.8/../../../x86_64-linux-gnu]
    arg [-L/usr/lib/gcc/x86_64-linux-gnu/4.8/../../../../lib] ==> dir [/usr/lib/gcc/x86_64-linux-gnu/4.8/../../../../lib]
    arg [-L/lib/x86_64-linux-gnu] ==> dir [/lib/x86_64-linux-gnu]
    arg [-L/lib/../lib] ==> dir [/lib/../lib]
    arg [-L/usr/lib/x86_64-linux-gnu] ==> dir [/usr/lib/x86_64-linux-gnu]
    arg [-L/usr/lib/../lib] ==> dir [/usr/lib/../lib]
    arg [-L/usr/lib/gcc/x86_64-linux-gnu/4.8/../../..] ==> dir [/usr/lib/gcc/x86_64-linux-gnu/4.8/../../..]
    arg [CMakeFiles/cmTryCompileExec553070002.dir/CMakeCXXCompilerABI.cpp.o] ==> ignore
    arg [-lstdc++] ==> lib [stdc++]
    arg [-lm] ==> lib [m]
    arg [-lgcc_s] ==> lib [gcc_s]
    arg [-lgcc] ==> lib [gcc]
    arg [-lc] ==> lib [c]
    arg [-lgcc_s] ==> lib [gcc_s]
    arg [-lgcc] ==> lib [gcc]
    arg [/usr/lib/gcc/x86_64-linux-gnu/4.8/crtend.o] ==> ignore
    arg [/usr/lib/gcc/x86_64-linux-gnu/4.8/../../../x86_64-linux-gnu/crtn.o] ==> ignore
  remove lib [gcc_s]
  remove lib [gcc]
  remove lib [gcc_s]
  remove lib [gcc]
  collapse library dir [/usr/lib/gcc/x86_64-linux-gnu/4.8] ==> [/usr/lib/gcc/x86_64-linux-gnu/4.8]
  collapse library dir [/usr/lib/gcc/x86_64-linux-gnu/4.8/../../../x86_64-linux-gnu] ==> [/usr/lib/x86_64-linux-gnu]
  collapse library dir [/usr/lib/gcc/x86_64-linux-gnu/4.8/../../../../lib] ==> [/usr/lib]
  collapse library dir [/lib/x86_64-linux-gnu] ==> [/lib/x86_64-linux-gnu]
  collapse library dir [/lib/../lib] ==> [/lib]
  collapse library dir [/usr/lib/x86_64-linux-gnu] ==> [/usr/lib/x86_64-linux-gnu]
  collapse library dir [/usr/lib/../lib] ==> [/usr/lib]
  collapse library dir [/usr/lib/gcc/x86_64-linux-gnu/4.8/../../..] ==> [/usr/lib]
  implicit libs: [stdc++;m;c]
  implicit dirs: [/usr/lib/gcc/x86_64-linux-gnu/4.8;/usr/lib/x86_64-linux-gnu;/usr/lib;/lib/x86_64-linux-gnu;/lib]
  implicit fwks: []


Performing C++ SOURCE FILE Test LINKER_HAS_RDYNAMIC succeded with the following output:
Change Dir: /home/cescuder/workspace/openrave_cescuder/build/CMakeFiles/CMakeTmp

Run Build Command:/usr/bin/make "cmTryCompileExec4268640481/fast"
/usr/bin/make -f CMakeFiles/cmTryCompileExec4268640481.dir/build.make CMakeFiles/cmTryCompileExec4268640481.dir/build
make[1]: Entering directory `/home/cescuder/workspace/openrave_cescuder/build/CMakeFiles/CMakeTmp'
/usr/bin/cmake -E cmake_progress_report /home/cescuder/workspace/openrave_cescuder/build/CMakeFiles/CMakeTmp/CMakeFiles 1
Building CXX object CMakeFiles/cmTryCompileExec4268640481.dir/src.cxx.o
/usr/bin/c++    -DLINKER_HAS_RDYNAMIC -O3 -DNDEBUG   -rdynamic -o CMakeFiles/cmTryCompileExec4268640481.dir/src.cxx.o -c /home/cescuder/workspace/openrave_cescuder/build/CMakeFiles/CMakeTmp/src.cxx
Linking CXX executable cmTryCompileExec4268640481
/usr/bin/cmake -E cmake_link_script CMakeFiles/cmTryCompileExec4268640481.dir/link.txt --verbose=1
/usr/bin/c++    -DLINKER_HAS_RDYNAMIC -O3 -DNDEBUG    CMakeFiles/cmTryCompileExec4268640481.dir/src.cxx.o  -o cmTryCompileExec4268640481 -rdynamic 
make[1]: Leaving directory `/home/cescuder/workspace/openrave_cescuder/build/CMakeFiles/CMakeTmp'

Source file was:
int main() { return 0;}
Performing C++ SOURCE FILE Test LINKER_HAS_BSYMBOLIC succeded with the following output:
Change Dir: /home/cescuder/workspace/openrave_cescuder/build/CMakeFiles/CMakeTmp

Run Build Command:/usr/bin/make "cmTryCompileExec3078672801/fast"
/usr/bin/make -f CMakeFiles/cmTryCompileExec3078672801.dir/build.make CMakeFiles/cmTryCompileExec3078672801.dir/build
make[1]: Entering directory `/home/cescuder/workspace/openrave_cescuder/build/CMakeFiles/CMakeTmp'
/usr/bin/cmake -E cmake_progress_report /home/cescuder/workspace/openrave_cescuder/build/CMakeFiles/CMakeTmp/CMakeFiles 1
Building CXX object CMakeFiles/cmTryCompileExec3078672801.dir/src.cxx.o
/usr/bin/c++    -DLINKER_HAS_BSYMBOLIC -O3 -DNDEBUG   -Bsymbolic -o CMakeFiles/cmTryCompileExec3078672801.dir/src.cxx.o -c /home/cescuder/workspace/openrave_cescuder/build/CMakeFiles/CMakeTmp/src.cxx
Linking CXX executable cmTryCompileExec3078672801
/usr/bin/cmake -E cmake_link_script CMakeFiles/cmTryCompileExec3078672801.dir/link.txt --verbose=1
/usr/bin/c++    -DLINKER_HAS_BSYMBOLIC -O3 -DNDEBUG    CMakeFiles/cmTryCompileExec3078672801.dir/src.cxx.o  -o cmTryCompileExec3078672801 -rdynamic 
make[1]: Leaving directory `/home/cescuder/workspace/openrave_cescuder/build/CMakeFiles/CMakeTmp'

Source file was:
int main() { return 0;}
Performing C++ SOURCE FILE Test LINKER_HAS_BSYMBOLIC_FUNCTIONS succeded with the following output:
Change Dir: /home/cescuder/workspace/openrave_cescuder/build/CMakeFiles/CMakeTmp

Run Build Command:/usr/bin/make "cmTryCompileExec3769816371/fast"
/usr/bin/make -f CMakeFiles/cmTryCompileExec3769816371.dir/build.make CMakeFiles/cmTryCompileExec3769816371.dir/build
make[1]: Entering directory `/home/cescuder/workspace/openrave_cescuder/build/CMakeFiles/CMakeTmp'
/usr/bin/cmake -E cmake_progress_report /home/cescuder/workspace/openrave_cescuder/build/CMakeFiles/CMakeTmp/CMakeFiles 1
Building CXX object CMakeFiles/cmTryCompileExec3769816371.dir/src.cxx.o
/usr/bin/c++    -DLINKER_HAS_BSYMBOLIC_FUNCTIONS -O3 -DNDEBUG   -Bsymbolic-functions -o CMakeFiles/cmTryCompileExec3769816371.dir/src.cxx.o -c /home/cescuder/workspace/openrave_cescuder/build/CMakeFiles/CMakeTmp/src.cxx
Linking CXX executable cmTryCompileExec3769816371
/usr/bin/cmake -E cmake_link_script CMakeFiles/cmTryCompileExec3769816371.dir/link.txt --verbose=1
/usr/bin/c++    -DLINKER_HAS_BSYMBOLIC_FUNCTIONS -O3 -DNDEBUG    CMakeFiles/cmTryCompileExec3769816371.dir/src.cxx.o  -o cmTryCompileExec3769816371 -rdynamic 
make[1]: Leaving directory `/home/cescuder/workspace/openrave_cescuder/build/CMakeFiles/CMakeTmp'

Source file was:
int main() { return 0;}
Performing C++ SOURCE FILE Test LINKER_HAS_VISIBILITY succeded with the following output:
Change Dir: /home/cescuder/workspace/openrave_cescuder/build/CMakeFiles/CMakeTmp

Run Build Command:/usr/bin/make "cmTryCompileExec946498884/fast"
/usr/bin/make -f CMakeFiles/cmTryCompileExec946498884.dir/build.make CMakeFiles/cmTryCompileExec946498884.dir/build
make[1]: Entering directory `/home/cescuder/workspace/openrave_cescuder/build/CMakeFiles/CMakeTmp'
/usr/bin/cmake -E cmake_progress_report /home/cescuder/workspace/openrave_cescuder/build/CMakeFiles/CMakeTmp/CMakeFiles 1
Building CXX object CMakeFiles/cmTryCompileExec946498884.dir/src.cxx.o
/usr/bin/c++    -DLINKER_HAS_VISIBILITY -O3 -DNDEBUG   -fvisibility=hidden -o CMakeFiles/cmTryCompileExec946498884.dir/src.cxx.o -c /home/cescuder/workspace/openrave_cescuder/build/CMakeFiles/CMakeTmp/src.cxx
Linking CXX executable cmTryCompileExec946498884
/usr/bin/cmake -E cmake_link_script CMakeFiles/cmTryCompileExec946498884.dir/link.txt --verbose=1
/usr/bin/c++    -DLINKER_HAS_VISIBILITY -O3 -DNDEBUG    CMakeFiles/cmTryCompileExec946498884.dir/src.cxx.o  -o cmTryCompileExec946498884 -rdynamic 
make[1]: Leaving directory `/home/cescuder/workspace/openrave_cescuder/build/CMakeFiles/CMakeTmp'

Source file was:
int main() { return 0;}
Performing C++ SOURCE FILE Test LINKER_HAS_VISIBILITY_INLINES_HIDDEN succeded with the following output:
Change Dir: /home/cescuder/workspace/openrave_cescuder/build/CMakeFiles/CMakeTmp

Run Build Command:/usr/bin/make "cmTryCompileExec836401057/fast"
/usr/bin/make -f CMakeFiles/cmTryCompileExec836401057.dir/build.make CMakeFiles/cmTryCompileExec836401057.dir/build
make[1]: Entering directory `/home/cescuder/workspace/openrave_cescuder/build/CMakeFiles/CMakeTmp'
/usr/bin/cmake -E cmake_progress_report /home/cescuder/workspace/openrave_cescuder/build/CMakeFiles/CMakeTmp/CMakeFiles 1
Building CXX object CMakeFiles/cmTryCompileExec836401057.dir/src.cxx.o
/usr/bin/c++    -DLINKER_HAS_VISIBILITY_INLINES_HIDDEN -O3 -DNDEBUG   -fvisibility-inlines-hidden -o CMakeFiles/cmTryCompileExec836401057.dir/src.cxx.o -c /home/cescuder/workspace/openrave_cescuder/build/CMakeFiles/CMakeTmp/src.cxx
Linking CXX executable cmTryCompileExec836401057
/usr/bin/cmake -E cmake_link_script CMakeFiles/cmTryCompileExec836401057.dir/link.txt --verbose=1
/usr/bin/c++    -DLINKER_HAS_VISIBILITY_INLINES_HIDDEN -O3 -DNDEBUG    CMakeFiles/cmTryCompileExec836401057.dir/src.cxx.o  -o cmTryCompileExec836401057 -rdynamic 
make[1]: Leaving directory `/home/cescuder/workspace/openrave_cescuder/build/CMakeFiles/CMakeTmp'

Source file was:
int main() { return 0;}
Determining if the include file fpu_control.h exists passed with the following output:
Change Dir: /home/cescuder/workspace/openrave_cescuder/build/CMakeFiles/CMakeTmp

Run Build Command:/usr/bin/make "cmTryCompileExec3661580762/fast"
/usr/bin/make -f CMakeFiles/cmTryCompileExec3661580762.dir/build.make CMakeFiles/cmTryCompileExec3661580762.dir/build
make[1]: Entering directory `/home/cescuder/workspace/openrave_cescuder/build/CMakeFiles/CMakeTmp'
/usr/bin/cmake -E cmake_progress_report /home/cescuder/workspace/openrave_cescuder/build/CMakeFiles/CMakeTmp/CMakeFiles 1
Building C object CMakeFiles/cmTryCompileExec3661580762.dir/CheckIncludeFile.c.o
/usr/bin/cc   -O3 -DNDEBUG   -o CMakeFiles/cmTryCompileExec3661580762.dir/CheckIncludeFile.c.o   -c /home/cescuder/workspace/openrave_cescuder/build/CMakeFiles/CMakeTmp/CheckIncludeFile.c
Linking C executable cmTryCompileExec3661580762
/usr/bin/cmake -E cmake_link_script CMakeFiles/cmTryCompileExec3661580762.dir/link.txt --verbose=1
/usr/bin/cc    -O3 -DNDEBUG    CMakeFiles/cmTryCompileExec3661580762.dir/CheckIncludeFile.c.o  -o cmTryCompileExec3661580762 -rdynamic 
make[1]: Leaving directory `/home/cescuder/workspace/openrave_cescuder/build/CMakeFiles/CMakeTmp'


Determining if the include file fenv.h exists passed with the following output:
Change Dir: /home/cescuder/workspace/openrave_cescuder/build/CMakeFiles/CMakeTmp

Run Build Command:/usr/bin/make "cmTryCompileExec733824795/fast"
/usr/bin/make -f CMakeFiles/cmTryCompileExec733824795.dir/build.make CMakeFiles/cmTryCompileExec733824795.dir/build
make[1]: Entering directory `/home/cescuder/workspace/openrave_cescuder/build/CMakeFiles/CMakeTmp'
/usr/bin/cmake -E cmake_progress_report /home/cescuder/workspace/openrave_cescuder/build/CMakeFiles/CMakeTmp/CMakeFiles 1
Building C object CMakeFiles/cmTryCompileExec733824795.dir/CheckIncludeFile.c.o
/usr/bin/cc   -O3 -DNDEBUG   -o CMakeFiles/cmTryCompileExec733824795.dir/CheckIncludeFile.c.o   -c /home/cescuder/workspace/openrave_cescuder/build/CMakeFiles/CMakeTmp/CheckIncludeFile.c
Linking C executable cmTryCompileExec733824795
/usr/bin/cmake -E cmake_link_script CMakeFiles/cmTryCompileExec733824795.dir/link.txt --verbose=1
/usr/bin/cc    -O3 -DNDEBUG    CMakeFiles/cmTryCompileExec733824795.dir/CheckIncludeFile.c.o  -o cmTryCompileExec733824795 -rdynamic 
make[1]: Leaving directory `/home/cescuder/workspace/openrave_cescuder/build/CMakeFiles/CMakeTmp'


Determining if the include file inttypes.h exists passed with the following output:
Change Dir: /home/cescuder/workspace/openrave_cescuder/build/CMakeFiles/CMakeTmp

Run Build Command:/usr/bin/make "cmTryCompileExec1188309123/fast"
/usr/bin/make -f CMakeFiles/cmTryCompileExec1188309123.dir/build.make CMakeFiles/cmTryCompileExec1188309123.dir/build
make[1]: Entering directory `/home/cescuder/workspace/openrave_cescuder/build/CMakeFiles/CMakeTmp'
/usr/bin/cmake -E cmake_progress_report /home/cescuder/workspace/openrave_cescuder/build/CMakeFiles/CMakeTmp/CMakeFiles 1
Building C object CMakeFiles/cmTryCompileExec1188309123.dir/CheckIncludeFile.c.o
/usr/bin/cc   -O3 -DNDEBUG   -o CMakeFiles/cmTryCompileExec1188309123.dir/CheckIncludeFile.c.o   -c /home/cescuder/workspace/openrave_cescuder/build/CMakeFiles/CMakeTmp/CheckIncludeFile.c
Linking C executable cmTryCompileExec1188309123
/usr/bin/cmake -E cmake_link_script CMakeFiles/cmTryCompileExec1188309123.dir/link.txt --verbose=1
/usr/bin/cc    -O3 -DNDEBUG    CMakeFiles/cmTryCompileExec1188309123.dir/CheckIncludeFile.c.o  -o cmTryCompileExec1188309123 -rdynamic 
make[1]: Leaving directory `/home/cescuder/workspace/openrave_cescuder/build/CMakeFiles/CMakeTmp'


Determining size of long double passed with the following output:
Change Dir: /home/cescuder/workspace/openrave_cescuder/build/CMakeFiles/CMakeTmp

Run Build Command:/usr/bin/make "cmTryCompileExec4209821004/fast"
/usr/bin/make -f CMakeFiles/cmTryCompileExec4209821004.dir/build.make CMakeFiles/cmTryCompileExec4209821004.dir/build
make[1]: Entering directory `/home/cescuder/workspace/openrave_cescuder/build/CMakeFiles/CMakeTmp'
/usr/bin/cmake -E cmake_progress_report /home/cescuder/workspace/openrave_cescuder/build/CMakeFiles/CMakeTmp/CMakeFiles 1
Building C object CMakeFiles/cmTryCompileExec4209821004.dir/LONG_DOUBLE.c.o
/usr/bin/cc   -O3 -DNDEBUG   -o CMakeFiles/cmTryCompileExec4209821004.dir/LONG_DOUBLE.c.o   -c /home/cescuder/workspace/openrave_cescuder/build/CMakeFiles/CheckTypeSize/LONG_DOUBLE.c
Linking C executable cmTryCompileExec4209821004
/usr/bin/cmake -E cmake_link_script CMakeFiles/cmTryCompileExec4209821004.dir/link.txt --verbose=1
/usr/bin/cc    -O3 -DNDEBUG    CMakeFiles/cmTryCompileExec4209821004.dir/LONG_DOUBLE.c.o  -o cmTryCompileExec4209821004 -rdynamic 
make[1]: Leaving directory `/home/cescuder/workspace/openrave_cescuder/build/CMakeFiles/CMakeTmp'


Performing C++ SOURCE FILE Test IS_X86_64 succeded with the following output:
Change Dir: /home/cescuder/workspace/openrave_cescuder/build/CMakeFiles/CMakeTmp

Run Build Command:/usr/bin/make "cmTryCompileExec2967285275/fast"
/usr/bin/make -f CMakeFiles/cmTryCompileExec2967285275.dir/build.make CMakeFiles/cmTryCompileExec2967285275.dir/build
make[1]: Entering directory `/home/cescuder/workspace/openrave_cescuder/build/CMakeFiles/CMakeTmp'
/usr/bin/cmake -E cmake_progress_report /home/cescuder/workspace/openrave_cescuder/build/CMakeFiles/CMakeTmp/CMakeFiles 1
Building CXX object CMakeFiles/cmTryCompileExec2967285275.dir/src.cxx.o
/usr/bin/c++    -DIS_X86_64 -O3 -DNDEBUG   -o CMakeFiles/cmTryCompileExec2967285275.dir/src.cxx.o -c /home/cescuder/workspace/openrave_cescuder/build/CMakeFiles/CMakeTmp/src.cxx
Linking CXX executable cmTryCompileExec2967285275
/usr/bin/cmake -E cmake_link_script CMakeFiles/cmTryCompileExec2967285275.dir/link.txt --verbose=1
/usr/bin/c++    -DIS_X86_64 -O3 -DNDEBUG    CMakeFiles/cmTryCompileExec2967285275.dir/src.cxx.o  -o cmTryCompileExec2967285275 -rdynamic 
make[1]: Leaving directory `/home/cescuder/workspace/openrave_cescuder/build/CMakeFiles/CMakeTmp'

Return value: 1
Source file was:

  int main()
  {
    int a = 0;
    int*pa = &a;
    asm(".intel_syntax\n"
	"mov %%rax, %0\n"
    "mov %%eax, [%%rax]\n"
    ".att_syntax\n"
    : : "r"(pa) : "%rax");
    return 0;
  }
Determining if the function clock_gettime exists in the rt passed with the following output:
Change Dir: /home/cescuder/workspace/openrave_cescuder/build/CMakeFiles/CMakeTmp

Run Build Command:/usr/bin/make "cmTryCompileExec1822646794/fast"
/usr/bin/make -f CMakeFiles/cmTryCompileExec1822646794.dir/build.make CMakeFiles/cmTryCompileExec1822646794.dir/build
make[1]: Entering directory `/home/cescuder/workspace/openrave_cescuder/build/CMakeFiles/CMakeTmp'
/usr/bin/cmake -E cmake_progress_report /home/cescuder/workspace/openrave_cescuder/build/CMakeFiles/CMakeTmp/CMakeFiles 1
Building C object CMakeFiles/cmTryCompileExec1822646794.dir/CheckFunctionExists.c.o
/usr/bin/cc   -DCHECK_FUNCTION_EXISTS=clock_gettime -O3 -DNDEBUG   -o CMakeFiles/cmTryCompileExec1822646794.dir/CheckFunctionExists.c.o   -c /usr/share/cmake-2.8/Modules/CheckFunctionExists.c
Linking C executable cmTryCompileExec1822646794
/usr/bin/cmake -E cmake_link_script CMakeFiles/cmTryCompileExec1822646794.dir/link.txt --verbose=1
/usr/bin/cc   -DCHECK_FUNCTION_EXISTS=clock_gettime -O3 -DNDEBUG    CMakeFiles/cmTryCompileExec1822646794.dir/CheckFunctionExists.c.o  -o cmTryCompileExec1822646794 -rdynamic -lrt 
make[1]: Leaving directory `/home/cescuder/workspace/openrave_cescuder/build/CMakeFiles/CMakeTmp'


Determining if the Q_WS_X11 exist passed with the following output:
Change Dir: /home/cescuder/workspace/openrave_cescuder/build/CMakeFiles/CMakeTmp

Run Build Command:/usr/bin/make "cmTryCompileExec1839436544/fast"
/usr/bin/make -f CMakeFiles/cmTryCompileExec1839436544.dir/build.make CMakeFiles/cmTryCompileExec1839436544.dir/build
make[1]: Entering directory `/home/cescuder/workspace/openrave_cescuder/build/CMakeFiles/CMakeTmp'
/usr/bin/cmake -E cmake_progress_report /home/cescuder/workspace/openrave_cescuder/build/CMakeFiles/CMakeTmp/CMakeFiles 1
Building CXX object CMakeFiles/cmTryCompileExec1839436544.dir/CheckSymbolExists.cxx.o
/usr/bin/c++    -O3 -DNDEBUG -I/usr/include/qt4    -o CMakeFiles/cmTryCompileExec1839436544.dir/CheckSymbolExists.cxx.o -c /home/cescuder/workspace/openrave_cescuder/build/CMakeFiles/CMakeTmp/CheckSymbolExists.cxx
Linking CXX executable cmTryCompileExec1839436544
/usr/bin/cmake -E cmake_link_script CMakeFiles/cmTryCompileExec1839436544.dir/link.txt --verbose=1
/usr/bin/c++     -O3 -DNDEBUG    CMakeFiles/cmTryCompileExec1839436544.dir/CheckSymbolExists.cxx.o  -o cmTryCompileExec1839436544 -rdynamic 
make[1]: Leaving directory `/home/cescuder/workspace/openrave_cescuder/build/CMakeFiles/CMakeTmp'

File /home/cescuder/workspace/openrave_cescuder/build/CMakeFiles/CMakeTmp/CheckSymbolExists.cxx:
/* */
#include <QtCore/qglobal.h>

int main(int argc, char** argv)
{
  (void)argv;
#ifndef Q_WS_X11
  return ((int*)(&Q_WS_X11))[argc];
#else
  (void)argc;
  return 0;
#endif
}

Determining if the include file pcrecpp.h exists passed with the following output:
Change Dir: /home/cescuder/workspace/openrave_cescuder/build/CMakeFiles/CMakeTmp

Run Build Command:/usr/bin/make "cmTryCompileExec1088577578/fast"
/usr/bin/make -f CMakeFiles/cmTryCompileExec1088577578.dir/build.make CMakeFiles/cmTryCompileExec1088577578.dir/build
make[1]: Entering directory `/home/cescuder/workspace/openrave_cescuder/build/CMakeFiles/CMakeTmp'
/usr/bin/cmake -E cmake_progress_report /home/cescuder/workspace/openrave_cescuder/build/CMakeFiles/CMakeTmp/CMakeFiles 1
Building CXX object CMakeFiles/cmTryCompileExec1088577578.dir/CheckIncludeFile.cxx.o
/usr/bin/c++    -O3 -DNDEBUG   -o CMakeFiles/cmTryCompileExec1088577578.dir/CheckIncludeFile.cxx.o -c /home/cescuder/workspace/openrave_cescuder/build/CMakeFiles/CMakeTmp/CheckIncludeFile.cxx
Linking CXX executable cmTryCompileExec1088577578
/usr/bin/cmake -E cmake_link_script CMakeFiles/cmTryCompileExec1088577578.dir/link.txt --verbose=1
/usr/bin/c++     -O3 -DNDEBUG    CMakeFiles/cmTryCompileExec1088577578.dir/CheckIncludeFile.cxx.o  -o cmTryCompileExec1088577578 -rdynamic 
make[1]: Leaving directory `/home/cescuder/workspace/openrave_cescuder/build/CMakeFiles/CMakeTmp'


Determining if the function qh_new_qhull exists in the qhull passed with the following output:
Change Dir: /home/cescuder/workspace/openrave_cescuder/build/CMakeFiles/CMakeTmp

Run Build Command:/usr/bin/make "cmTryCompileExec2450575976/fast"
/usr/bin/make -f CMakeFiles/cmTryCompileExec2450575976.dir/build.make CMakeFiles/cmTryCompileExec2450575976.dir/build
make[1]: Entering directory `/home/cescuder/workspace/openrave_cescuder/build/CMakeFiles/CMakeTmp'
/usr/bin/cmake -E cmake_progress_report /home/cescuder/workspace/openrave_cescuder/build/CMakeFiles/CMakeTmp/CMakeFiles 1
Building C object CMakeFiles/cmTryCompileExec2450575976.dir/CheckFunctionExists.c.o
/usr/bin/cc   -DCHECK_FUNCTION_EXISTS=qh_new_qhull -O3 -DNDEBUG   -o CMakeFiles/cmTryCompileExec2450575976.dir/CheckFunctionExists.c.o   -c /usr/share/cmake-2.8/Modules/CheckFunctionExists.c
Linking C executable cmTryCompileExec2450575976
/usr/bin/cmake -E cmake_link_script CMakeFiles/cmTryCompileExec2450575976.dir/link.txt --verbose=1
/usr/bin/cc   -DCHECK_FUNCTION_EXISTS=qh_new_qhull -O3 -DNDEBUG    CMakeFiles/cmTryCompileExec2450575976.dir/CheckFunctionExists.c.o  -o cmTryCompileExec2450575976 -rdynamic -lqhull 
make[1]: Leaving directory `/home/cescuder/workspace/openrave_cescuder/build/CMakeFiles/CMakeTmp'


Determining if the include file qhull/qhull_a.h exists passed with the following output:
Change Dir: /home/cescuder/workspace/openrave_cescuder/build/CMakeFiles/CMakeTmp

Run Build Command:/usr/bin/make "cmTryCompileExec3963164104/fast"
/usr/bin/make -f CMakeFiles/cmTryCompileExec3963164104.dir/build.make CMakeFiles/cmTryCompileExec3963164104.dir/build
make[1]: Entering directory `/home/cescuder/workspace/openrave_cescuder/build/CMakeFiles/CMakeTmp'
/usr/bin/cmake -E cmake_progress_report /home/cescuder/workspace/openrave_cescuder/build/CMakeFiles/CMakeTmp/CMakeFiles 1
Building C object CMakeFiles/cmTryCompileExec3963164104.dir/CheckIncludeFile.c.o
/usr/bin/cc   -O3 -DNDEBUG   -o CMakeFiles/cmTryCompileExec3963164104.dir/CheckIncludeFile.c.o   -c /home/cescuder/workspace/openrave_cescuder/build/CMakeFiles/CMakeTmp/CheckIncludeFile.c
Linking C executable cmTryCompileExec3963164104
/usr/bin/cmake -E cmake_link_script CMakeFiles/cmTryCompileExec3963164104.dir/link.txt --verbose=1
/usr/bin/cc    -O3 -DNDEBUG    CMakeFiles/cmTryCompileExec3963164104.dir/CheckIncludeFile.c.o  -o cmTryCompileExec3963164104 -rdynamic 
make[1]: Leaving directory `/home/cescuder/workspace/openrave_cescuder/build/CMakeFiles/CMakeTmp'


Determining size of float passed with the following output:
Change Dir: /home/cescuder/workspace/openrave_cescuder/build/CMakeFiles/CMakeTmp

Run Build Command:/usr/bin/make "cmTryCompileExec976741750/fast"
/usr/bin/make -f CMakeFiles/cmTryCompileExec976741750.dir/build.make CMakeFiles/cmTryCompileExec976741750.dir/build
make[1]: Entering directory `/home/cescuder/workspace/openrave_cescuder/build/CMakeFiles/CMakeTmp'
/usr/bin/cmake -E cmake_progress_report /home/cescuder/workspace/openrave_cescuder/build/CMakeFiles/CMakeTmp/CMakeFiles 1
Building C object CMakeFiles/cmTryCompileExec976741750.dir/HAVE_FLOAT_SIZE.c.o
/usr/bin/cc   -O3 -DNDEBUG   -o CMakeFiles/cmTryCompileExec976741750.dir/HAVE_FLOAT_SIZE.c.o   -c /home/cescuder/workspace/openrave_cescuder/build/CMakeFiles/CheckTypeSize/HAVE_FLOAT_SIZE.c
Linking C executable cmTryCompileExec976741750
/usr/bin/cmake -E cmake_link_script CMakeFiles/cmTryCompileExec976741750.dir/link.txt --verbose=1
/usr/bin/cc    -O3 -DNDEBUG    CMakeFiles/cmTryCompileExec976741750.dir/HAVE_FLOAT_SIZE.c.o  -o cmTryCompileExec976741750 -rdynamic 
make[1]: Leaving directory `/home/cescuder/workspace/openrave_cescuder/build/CMakeFiles/CMakeTmp'


Determining size of long int passed with the following output:
Change Dir: /home/cescuder/workspace/openrave_cescuder/build/CMakeFiles/CMakeTmp

Run Build Command:/usr/bin/make "cmTryCompileExec3332856338/fast"
/usr/bin/make -f CMakeFiles/cmTryCompileExec3332856338.dir/build.make CMakeFiles/cmTryCompileExec3332856338.dir/build
make[1]: Entering directory `/home/cescuder/workspace/openrave_cescuder/build/CMakeFiles/CMakeTmp'
/usr/bin/cmake -E cmake_progress_report /home/cescuder/workspace/openrave_cescuder/build/CMakeFiles/CMakeTmp/CMakeFiles 1
Building C object CMakeFiles/cmTryCompileExec3332856338.dir/HAVE_LONG_INT_SIZE.c.o
/usr/bin/cc   -O3 -DNDEBUG   -o CMakeFiles/cmTryCompileExec3332856338.dir/HAVE_LONG_INT_SIZE.c.o   -c /home/cescuder/workspace/openrave_cescuder/build/CMakeFiles/CheckTypeSize/HAVE_LONG_INT_SIZE.c
Linking C executable cmTryCompileExec3332856338
/usr/bin/cmake -E cmake_link_script CMakeFiles/cmTryCompileExec3332856338.dir/link.txt --verbose=1
/usr/bin/cc    -O3 -DNDEBUG    CMakeFiles/cmTryCompileExec3332856338.dir/HAVE_LONG_INT_SIZE.c.o  -o cmTryCompileExec3332856338 -rdynamic 
make[1]: Leaving directory `/home/cescuder/workspace/openrave_cescuder/build/CMakeFiles/CMakeTmp'


Determining if the include file alloca.h exists passed with the following output:
Change Dir: /home/cescuder/workspace/openrave_cescuder/build/CMakeFiles/CMakeTmp

Run Build Command:/usr/bin/make "cmTryCompileExec4292551056/fast"
/usr/bin/make -f CMakeFiles/cmTryCompileExec4292551056.dir/build.make CMakeFiles/cmTryCompileExec4292551056.dir/build
make[1]: Entering directory `/home/cescuder/workspace/openrave_cescuder/build/CMakeFiles/CMakeTmp'
/usr/bin/cmake -E cmake_progress_report /home/cescuder/workspace/openrave_cescuder/build/CMakeFiles/CMakeTmp/CMakeFiles 1
Building C object CMakeFiles/cmTryCompileExec4292551056.dir/CheckIncludeFile.c.o
/usr/bin/cc   -O3 -DNDEBUG   -o CMakeFiles/cmTryCompileExec4292551056.dir/CheckIncludeFile.c.o   -c /home/cescuder/workspace/openrave_cescuder/build/CMakeFiles/CMakeTmp/CheckIncludeFile.c
Linking C executable cmTryCompileExec4292551056
/usr/bin/cmake -E cmake_link_script CMakeFiles/cmTryCompileExec4292551056.dir/link.txt --verbose=1
/usr/bin/cc    -O3 -DNDEBUG    CMakeFiles/cmTryCompileExec4292551056.dir/CheckIncludeFile.c.o  -o cmTryCompileExec4292551056 -rdynamic 
make[1]: Leaving directory `/home/cescuder/workspace/openrave_cescuder/build/CMakeFiles/CMakeTmp'


Determining if the function strtof exists passed with the following output:
Change Dir: /home/cescuder/workspace/openrave_cescuder/build/CMakeFiles/CMakeTmp

Run Build Command:/usr/bin/make "cmTryCompileExec3633564477/fast"
/usr/bin/make -f CMakeFiles/cmTryCompileExec3633564477.dir/build.make CMakeFiles/cmTryCompileExec3633564477.dir/build
make[1]: Entering directory `/home/cescuder/workspace/openrave_cescuder/build/CMakeFiles/CMakeTmp'
/usr/bin/cmake -E cmake_progress_report /home/cescuder/workspace/openrave_cescuder/build/CMakeFiles/CMakeTmp/CMakeFiles 1
Building C object CMakeFiles/cmTryCompileExec3633564477.dir/CheckFunctionExists.c.o
/usr/bin/cc   -DCHECK_FUNCTION_EXISTS=strtof -O3 -DNDEBUG   -o CMakeFiles/cmTryCompileExec3633564477.dir/CheckFunctionExists.c.o   -c /usr/share/cmake-2.8/Modules/CheckFunctionExists.c
Linking C executable cmTryCompileExec3633564477
/usr/bin/cmake -E cmake_link_script CMakeFiles/cmTryCompileExec3633564477.dir/link.txt --verbose=1
/usr/bin/cc   -DCHECK_FUNCTION_EXISTS=strtof -O3 -DNDEBUG    CMakeFiles/cmTryCompileExec3633564477.dir/CheckFunctionExists.c.o  -o cmTryCompileExec3633564477 -rdynamic -lm 
make[1]: Leaving directory `/home/cescuder/workspace/openrave_cescuder/build/CMakeFiles/CMakeTmp'


Determining if the function strtold exists passed with the following output:
Change Dir: /home/cescuder/workspace/openrave_cescuder/build/CMakeFiles/CMakeTmp

Run Build Command:/usr/bin/make "cmTryCompileExec1456163808/fast"
/usr/bin/make -f CMakeFiles/cmTryCompileExec1456163808.dir/build.make CMakeFiles/cmTryCompileExec1456163808.dir/build
make[1]: Entering directory `/home/cescuder/workspace/openrave_cescuder/build/CMakeFiles/CMakeTmp'
/usr/bin/cmake -E cmake_progress_report /home/cescuder/workspace/openrave_cescuder/build/CMakeFiles/CMakeTmp/CMakeFiles 1
Building C object CMakeFiles/cmTryCompileExec1456163808.dir/CheckFunctionExists.c.o
/usr/bin/cc   -DCHECK_FUNCTION_EXISTS=strtold -O3 -DNDEBUG   -o CMakeFiles/cmTryCompileExec1456163808.dir/CheckFunctionExists.c.o   -c /usr/share/cmake-2.8/Modules/CheckFunctionExists.c
Linking C executable cmTryCompileExec1456163808
/usr/bin/cmake -E cmake_link_script CMakeFiles/cmTryCompileExec1456163808.dir/link.txt --verbose=1
/usr/bin/cc   -DCHECK_FUNCTION_EXISTS=strtold -O3 -DNDEBUG    CMakeFiles/cmTryCompileExec1456163808.dir/CheckFunctionExists.c.o  -o cmTryCompileExec1456163808 -rdynamic -lm 
make[1]: Leaving directory `/home/cescuder/workspace/openrave_cescuder/build/CMakeFiles/CMakeTmp'


Determining size of long double passed with the following output:
Change Dir: /home/cescuder/workspace/openrave_cescuder/build/CMakeFiles/CMakeTmp

Run Build Command:/usr/bin/make "cmTryCompileExec1461943875/fast"
/usr/bin/make -f CMakeFiles/cmTryCompileExec1461943875.dir/build.make CMakeFiles/cmTryCompileExec1461943875.dir/build
make[1]: Entering directory `/home/cescuder/workspace/openrave_cescuder/build/CMakeFiles/CMakeTmp'
/usr/bin/cmake -E cmake_progress_report /home/cescuder/workspace/openrave_cescuder/build/CMakeFiles/CMakeTmp/CMakeFiles 1
Building C object CMakeFiles/cmTryCompileExec1461943875.dir/HAVE_LONG_DOUBLE_SIZE.c.o
/usr/bin/cc   -O3 -DNDEBUG   -o CMakeFiles/cmTryCompileExec1461943875.dir/HAVE_LONG_DOUBLE_SIZE.c.o   -c /home/cescuder/workspace/openrave_cescuder/build/CMakeFiles/CheckTypeSize/HAVE_LONG_DOUBLE_SIZE.c
Linking C executable cmTryCompileExec1461943875
/usr/bin/cmake -E cmake_link_script CMakeFiles/cmTryCompileExec1461943875.dir/link.txt --verbose=1
/usr/bin/cc    -O3 -DNDEBUG    CMakeFiles/cmTryCompileExec1461943875.dir/HAVE_LONG_DOUBLE_SIZE.c.o  -o cmTryCompileExec1461943875 -rdynamic -lm 
make[1]: Leaving directory `/home/cescuder/workspace/openrave_cescuder/build/CMakeFiles/CMakeTmp'


Determining if the include file ext/hash_map exists passed with the following output:
Change Dir: /home/cescuder/workspace/openrave_cescuder/build/CMakeFiles/CMakeTmp

Run Build Command:/usr/bin/make "cmTryCompileExec1527638876/fast"
/usr/bin/make -f CMakeFiles/cmTryCompileExec1527638876.dir/build.make CMakeFiles/cmTryCompileExec1527638876.dir/build
make[1]: Entering directory `/home/cescuder/workspace/openrave_cescuder/build/CMakeFiles/CMakeTmp'
/usr/bin/cmake -E cmake_progress_report /home/cescuder/workspace/openrave_cescuder/build/CMakeFiles/CMakeTmp/CMakeFiles 1
Building CXX object CMakeFiles/cmTryCompileExec1527638876.dir/CheckIncludeFile.cxx.o
/usr/bin/c++    -O3 -DNDEBUG   -o CMakeFiles/cmTryCompileExec1527638876.dir/CheckIncludeFile.cxx.o -c /home/cescuder/workspace/openrave_cescuder/build/CMakeFiles/CMakeTmp/CheckIncludeFile.cxx
In file included from /usr/include/c++/4.8/ext/hash_map:60:0,
                 from /home/cescuder/workspace/openrave_cescuder/build/CMakeFiles/CMakeTmp/CheckIncludeFile.cxx:1:
/usr/include/c++/4.8/backward/backward_warning.h:32:2: warning: #warning This file includes at least one deprecated or antiquated header which may be removed without further notice at a future date. Please use a non-deprecated interface with equivalent functionality instead. For a listing of replacement headers and interfaces, consult the file backward_warning.h. To disable this warning use -Wno-deprecated. [-Wcpp]
 #warning \
  ^
Linking CXX executable cmTryCompileExec1527638876
/usr/bin/cmake -E cmake_link_script CMakeFiles/cmTryCompileExec1527638876.dir/link.txt --verbose=1
/usr/bin/c++     -O3 -DNDEBUG    CMakeFiles/cmTryCompileExec1527638876.dir/CheckIncludeFile.cxx.o  -o cmTryCompileExec1527638876 -rdynamic 
make[1]: Leaving directory `/home/cescuder/workspace/openrave_cescuder/build/CMakeFiles/CMakeTmp'


Determining if the function mkstemp exists passed with the following output:
Change Dir: /home/cescuder/workspace/openrave_cescuder/build/CMakeFiles/CMakeTmp

Run Build Command:/usr/bin/make "cmTryCompileExec1443577033/fast"
/usr/bin/make -f CMakeFiles/cmTryCompileExec1443577033.dir/build.make CMakeFiles/cmTryCompileExec1443577033.dir/build
make[1]: Entering directory `/home/cescuder/workspace/openrave_cescuder/build/CMakeFiles/CMakeTmp'
/usr/bin/cmake -E cmake_progress_report /home/cescuder/workspace/openrave_cescuder/build/CMakeFiles/CMakeTmp/CMakeFiles 1
Building C object CMakeFiles/cmTryCompileExec1443577033.dir/CheckFunctionExists.c.o
/usr/bin/cc   -DCHECK_FUNCTION_EXISTS=mkstemp -O3 -DNDEBUG   -o CMakeFiles/cmTryCompileExec1443577033.dir/CheckFunctionExists.c.o   -c /usr/share/cmake-2.8/Modules/CheckFunctionExists.c
Linking C executable cmTryCompileExec1443577033
/usr/bin/cmake -E cmake_link_script CMakeFiles/cmTryCompileExec1443577033.dir/link.txt --verbose=1
/usr/bin/cc   -DCHECK_FUNCTION_EXISTS=mkstemp -O3 -DNDEBUG    CMakeFiles/cmTryCompileExec1443577033.dir/CheckFunctionExists.c.o  -o cmTryCompileExec1443577033 -rdynamic 
make[1]: Leaving directory `/home/cescuder/workspace/openrave_cescuder/build/CMakeFiles/CMakeTmp'


Determining if the function _init exists in the lapack passed with the following output:
Change Dir: /home/cescuder/workspace/openrave_cescuder/build/CMakeFiles/CMakeTmp

Run Build Command:/usr/bin/make "cmTryCompileExec3055142599/fast"
/usr/bin/make -f CMakeFiles/cmTryCompileExec3055142599.dir/build.make CMakeFiles/cmTryCompileExec3055142599.dir/build
make[1]: Entering directory `/home/cescuder/workspace/openrave_cescuder/build/CMakeFiles/CMakeTmp'
/usr/bin/cmake -E cmake_progress_report /home/cescuder/workspace/openrave_cescuder/build/CMakeFiles/CMakeTmp/CMakeFiles 1
Building C object CMakeFiles/cmTryCompileExec3055142599.dir/CheckFunctionExists.c.o
/usr/bin/cc   -DCHECK_FUNCTION_EXISTS=_init -O3 -DNDEBUG   -o CMakeFiles/cmTryCompileExec3055142599.dir/CheckFunctionExists.c.o   -c /usr/share/cmake-2.8/Modules/CheckFunctionExists.c
Linking C executable cmTryCompileExec3055142599
/usr/bin/cmake -E cmake_link_script CMakeFiles/cmTryCompileExec3055142599.dir/link.txt --verbose=1
/usr/bin/cc   -DCHECK_FUNCTION_EXISTS=_init -O3 -DNDEBUG    CMakeFiles/cmTryCompileExec3055142599.dir/CheckFunctionExists.c.o  -o cmTryCompileExec3055142599 -rdynamic -llapack 
make[1]: Leaving directory `/home/cescuder/workspace/openrave_cescuder/build/CMakeFiles/CMakeTmp'


Performing C++ SOURCE FILE Test HAVE_ALL_PYTHON_HEADERS succeded with the following output:
Change Dir: /home/cescuder/workspace/openrave_cescuder/build/CMakeFiles/CMakeTmp

Run Build Command:/usr/bin/make "cmTryCompileExec1391145127/fast"
/usr/bin/make -f CMakeFiles/cmTryCompileExec1391145127.dir/build.make CMakeFiles/cmTryCompileExec1391145127.dir/build
make[1]: Entering directory `/home/cescuder/workspace/openrave_cescuder/build/CMakeFiles/CMakeTmp'
/usr/bin/cmake -E cmake_progress_report /home/cescuder/workspace/openrave_cescuder/build/CMakeFiles/CMakeTmp/CMakeFiles 1
Building CXX object CMakeFiles/cmTryCompileExec1391145127.dir/src.cxx.o
/usr/bin/c++    -DHAVE_ALL_PYTHON_HEADERS -DCMAKE_BUILD_TYPE:STRING=Release -O3 -DNDEBUG -I/usr/include/python2.7 -I/usr/include/x86_64-linux-gnu/python2.7 -I/usr/lib/python2.7/dist-packages/numpy/core/include    -o CMakeFiles/cmTryCompileExec1391145127.dir/src.cxx.o -c /home/cescuder/workspace/openrave_cescuder/build/CMakeFiles/CMakeTmp/src.cxx
<command-line>:0:17: warning: missing whitespace after the macro name [enabled by default]
In file included from /usr/include/python2.7/numpy/ndarraytypes.h:1761:0,
                 from /usr/include/python2.7/numpy/ndarrayobject.h:17,
                 from /usr/include/python2.7/numpy/arrayobject.h:4,
                 from /home/cescuder/workspace/openrave_cescuder/build/CMakeFiles/CMakeTmp/src.cxx:10:
/usr/include/python2.7/numpy/npy_1_7_deprecated_api.h:15:2: warning: #warning "Using deprecated NumPy API, disable it by " "#defining NPY_NO_DEPRECATED_API NPY_1_7_API_VERSION" [-Wcpp]
 #warning "Using deprecated NumPy API, disable it by " \
  ^
Linking CXX executable cmTryCompileExec1391145127
/usr/bin/cmake -E cmake_link_script CMakeFiles/cmTryCompileExec1391145127.dir/link.txt --verbose=1
/usr/bin/c++    -DHAVE_ALL_PYTHON_HEADERS -DCMAKE_BUILD_TYPE:STRING=Release -O3 -DNDEBUG    CMakeFiles/cmTryCompileExec1391145127.dir/src.cxx.o  -o cmTryCompileExec1391145127 -rdynamic -lpython2.7 -lboost_python -lboost_thread -lboost_system 
make[1]: Leaving directory `/home/cescuder/workspace/openrave_cescuder/build/CMakeFiles/CMakeTmp'

Return value: 1
Source file was:

    #include <Python.h>
    #include <boost/thread/thread.hpp>
    #include <boost/thread/mutex.hpp>
    #include <boost/thread/condition.hpp>
    #include <boost/shared_ptr.hpp>
    #define PY_ARRAY_UNIQUE_SYMBOL PyArrayHandle
    #include <boost/python.hpp>
    #include <pyconfig.h>
    #include <numpy/arrayobject.h>
    int main()
    {
      return 0;
    }
Determining if the function cgesdd_ exists in the lapack passed with the following output:
Change Dir: /home/cescuder/workspace/openrave_cescuder/build/CMakeFiles/CMakeTmp

Run Build Command:/usr/bin/make "cmTryCompileExec2240362784/fast"
/usr/bin/make -f CMakeFiles/cmTryCompileExec2240362784.dir/build.make CMakeFiles/cmTryCompileExec2240362784.dir/build
make[1]: Entering directory `/home/cescuder/workspace/openrave_cescuder/build/CMakeFiles/CMakeTmp'
/usr/bin/cmake -E cmake_progress_report /home/cescuder/workspace/openrave_cescuder/build/CMakeFiles/CMakeTmp/CMakeFiles 1
Building C object CMakeFiles/cmTryCompileExec2240362784.dir/CheckFunctionExists.c.o
/usr/bin/cc   -DCHECK_FUNCTION_EXISTS=cgesdd_ -O3 -DNDEBUG   -o CMakeFiles/cmTryCompileExec2240362784.dir/CheckFunctionExists.c.o   -c /usr/share/cmake-2.8/Modules/CheckFunctionExists.c
Linking C executable cmTryCompileExec2240362784
/usr/bin/cmake -E cmake_link_script CMakeFiles/cmTryCompileExec2240362784.dir/link.txt --verbose=1
/usr/bin/cc   -DCHECK_FUNCTION_EXISTS=cgesdd_ -O3 -DNDEBUG    CMakeFiles/cmTryCompileExec2240362784.dir/CheckFunctionExists.c.o  -o cmTryCompileExec2240362784 -rdynamic -llapack 
make[1]: Leaving directory `/home/cescuder/workspace/openrave_cescuder/build/CMakeFiles/CMakeTmp'


Determining if the include file libswscale/swscale.h exists passed with the following output:
Change Dir: /home/cescuder/workspace/openrave_cescuder/build/CMakeFiles/CMakeTmp

Run Build Command:/usr/bin/make "cmTryCompileExec962735351/fast"
/usr/bin/make -f CMakeFiles/cmTryCompileExec962735351.dir/build.make CMakeFiles/cmTryCompileExec962735351.dir/build
make[1]: Entering directory `/home/cescuder/workspace/openrave_cescuder/build/CMakeFiles/CMakeTmp'
/usr/bin/cmake -E cmake_progress_report /home/cescuder/workspace/openrave_cescuder/build/CMakeFiles/CMakeTmp/CMakeFiles 1
Building C object CMakeFiles/cmTryCompileExec962735351.dir/CheckIncludeFile.c.o
/usr/bin/cc   -O3 -DNDEBUG   -o CMakeFiles/cmTryCompileExec962735351.dir/CheckIncludeFile.c.o   -c /home/cescuder/workspace/openrave_cescuder/build/CMakeFiles/CMakeTmp/CheckIncludeFile.c
Linking C executable cmTryCompileExec962735351
/usr/bin/cmake -E cmake_link_script CMakeFiles/cmTryCompileExec962735351.dir/link.txt --verbose=1
/usr/bin/cc    -O3 -DNDEBUG    CMakeFiles/cmTryCompileExec962735351.dir/CheckIncludeFile.c.o  -o cmTryCompileExec962735351 -rdynamic 
make[1]: Leaving directory `/home/cescuder/workspace/openrave_cescuder/build/CMakeFiles/CMakeTmp'


Determining if the include file libavformat/avformat.h exists passed with the following output:
Change Dir: /home/cescuder/workspace/openrave_cescuder/build/CMakeFiles/CMakeTmp

Run Build Command:/usr/bin/make "cmTryCompileExec171767099/fast"
/usr/bin/make -f CMakeFiles/cmTryCompileExec171767099.dir/build.make CMakeFiles/cmTryCompileExec171767099.dir/build
make[1]: Entering directory `/home/cescuder/workspace/openrave_cescuder/build/CMakeFiles/CMakeTmp'
/usr/bin/cmake -E cmake_progress_report /home/cescuder/workspace/openrave_cescuder/build/CMakeFiles/CMakeTmp/CMakeFiles 1
Building C object CMakeFiles/cmTryCompileExec171767099.dir/CheckIncludeFile.c.o
/usr/bin/cc   -O3 -DNDEBUG   -o CMakeFiles/cmTryCompileExec171767099.dir/CheckIncludeFile.c.o   -c /home/cescuder/workspace/openrave_cescuder/build/CMakeFiles/CMakeTmp/CheckIncludeFile.c
Linking C executable cmTryCompileExec171767099
/usr/bin/cmake -E cmake_link_script CMakeFiles/cmTryCompileExec171767099.dir/link.txt --verbose=1
/usr/bin/cc    -O3 -DNDEBUG    CMakeFiles/cmTryCompileExec171767099.dir/CheckIncludeFile.c.o  -o cmTryCompileExec171767099 -rdynamic 
make[1]: Leaving directory `/home/cescuder/workspace/openrave_cescuder/build/CMakeFiles/CMakeTmp'


Determining if the include file libavcodec/avcodec.h exists passed with the following output:
Change Dir: /home/cescuder/workspace/openrave_cescuder/build/CMakeFiles/CMakeTmp

Run Build Command:/usr/bin/make "cmTryCompileExec2145933342/fast"
/usr/bin/make -f CMakeFiles/cmTryCompileExec2145933342.dir/build.make CMakeFiles/cmTryCompileExec2145933342.dir/build
make[1]: Entering directory `/home/cescuder/workspace/openrave_cescuder/build/CMakeFiles/CMakeTmp'
/usr/bin/cmake -E cmake_progress_report /home/cescuder/workspace/openrave_cescuder/build/CMakeFiles/CMakeTmp/CMakeFiles 1
Building C object CMakeFiles/cmTryCompileExec2145933342.dir/CheckIncludeFile.c.o
/usr/bin/cc   -O3 -DNDEBUG   -o CMakeFiles/cmTryCompileExec2145933342.dir/CheckIncludeFile.c.o   -c /home/cescuder/workspace/openrave_cescuder/build/CMakeFiles/CMakeTmp/CheckIncludeFile.c
Linking C executable cmTryCompileExec2145933342
/usr/bin/cmake -E cmake_link_script CMakeFiles/cmTryCompileExec2145933342.dir/link.txt --verbose=1
/usr/bin/cc    -O3 -DNDEBUG    CMakeFiles/cmTryCompileExec2145933342.dir/CheckIncludeFile.c.o  -o cmTryCompileExec2145933342 -rdynamic 
make[1]: Leaving directory `/home/cescuder/workspace/openrave_cescuder/build/CMakeFiles/CMakeTmp'


Performing C++ SOURCE FILE Test HAS_AVMEDIA_TYPE_VIDEO succeded with the following output:
Change Dir: /home/cescuder/workspace/openrave_cescuder/build/CMakeFiles/CMakeTmp

Run Build Command:/usr/bin/make "cmTryCompileExec2631927471/fast"
/usr/bin/make -f CMakeFiles/cmTryCompileExec2631927471.dir/build.make CMakeFiles/cmTryCompileExec2631927471.dir/build
make[1]: Entering directory `/home/cescuder/workspace/openrave_cescuder/build/CMakeFiles/CMakeTmp'
/usr/bin/cmake -E cmake_progress_report /home/cescuder/workspace/openrave_cescuder/build/CMakeFiles/CMakeTmp/CMakeFiles 1
Building CXX object CMakeFiles/cmTryCompileExec2631927471.dir/src.cxx.o
/usr/bin/c++    -DHAS_AVMEDIA_TYPE_VIDEO -O3 -DNDEBUG   -o CMakeFiles/cmTryCompileExec2631927471.dir/src.cxx.o -c /home/cescuder/workspace/openrave_cescuder/build/CMakeFiles/CMakeTmp/src.cxx
Linking CXX executable cmTryCompileExec2631927471
/usr/bin/cmake -E cmake_link_script CMakeFiles/cmTryCompileExec2631927471.dir/link.txt --verbose=1
/usr/bin/c++    -DHAS_AVMEDIA_TYPE_VIDEO -O3 -DNDEBUG    CMakeFiles/cmTryCompileExec2631927471.dir/src.cxx.o  -o cmTryCompileExec2631927471 -rdynamic 
make[1]: Leaving directory `/home/cescuder/workspace/openrave_cescuder/build/CMakeFiles/CMakeTmp'

Source file was:

      #define __STDC_CONSTANT_MACROS
      #include <stdint.h>
      #include <libavformat/avformat.h>
      #include <libavcodec/avcodec.h>
      int main()
      {
	return AVMEDIA_TYPE_VIDEO;
      }
Determining if the function XOpenDisplay exists in the /usr/lib/x86_64-linux-gnu/libX11.so;/usr/lib/x86_64-linux-gnu/libXext.so passed with the following output:
Change Dir: /home/cescuder/workspace/openrave_cescuder/build/CMakeFiles/CMakeTmp

Run Build Command:/usr/bin/make "cmTryCompileExec1552389212/fast"
/usr/bin/make -f CMakeFiles/cmTryCompileExec1552389212.dir/build.make CMakeFiles/cmTryCompileExec1552389212.dir/build
make[1]: Entering directory `/home/cescuder/workspace/openrave_cescuder/build/CMakeFiles/CMakeTmp'
/usr/bin/cmake -E cmake_progress_report /home/cescuder/workspace/openrave_cescuder/build/CMakeFiles/CMakeTmp/CMakeFiles 1
Building C object CMakeFiles/cmTryCompileExec1552389212.dir/CheckFunctionExists.c.o
/usr/bin/cc   -DCHECK_FUNCTION_EXISTS=XOpenDisplay -O3 -DNDEBUG   -o CMakeFiles/cmTryCompileExec1552389212.dir/CheckFunctionExists.c.o   -c /usr/share/cmake-2.8/Modules/CheckFunctionExists.c
Linking C executable cmTryCompileExec1552389212
/usr/bin/cmake -E cmake_link_script CMakeFiles/cmTryCompileExec1552389212.dir/link.txt --verbose=1
/usr/bin/cc   -DCHECK_FUNCTION_EXISTS=XOpenDisplay -O3 -DNDEBUG    CMakeFiles/cmTryCompileExec1552389212.dir/CheckFunctionExists.c.o  -o cmTryCompileExec1552389212 -rdynamic -lX11 -lXext 
make[1]: Leaving directory `/home/cescuder/workspace/openrave_cescuder/build/CMakeFiles/CMakeTmp'


Determining if the function gethostbyname exists passed with the following output:
Change Dir: /home/cescuder/workspace/openrave_cescuder/build/CMakeFiles/CMakeTmp

Run Build Command:/usr/bin/make "cmTryCompileExec3264484778/fast"
/usr/bin/make -f CMakeFiles/cmTryCompileExec3264484778.dir/build.make CMakeFiles/cmTryCompileExec3264484778.dir/build
make[1]: Entering directory `/home/cescuder/workspace/openrave_cescuder/build/CMakeFiles/CMakeTmp'
/usr/bin/cmake -E cmake_progress_report /home/cescuder/workspace/openrave_cescuder/build/CMakeFiles/CMakeTmp/CMakeFiles 1
Building C object CMakeFiles/cmTryCompileExec3264484778.dir/CheckFunctionExists.c.o
/usr/bin/cc   -DCHECK_FUNCTION_EXISTS=gethostbyname -O3 -DNDEBUG   -o CMakeFiles/cmTryCompileExec3264484778.dir/CheckFunctionExists.c.o   -c /usr/share/cmake-2.8/Modules/CheckFunctionExists.c
Linking C executable cmTryCompileExec3264484778
/usr/bin/cmake -E cmake_link_script CMakeFiles/cmTryCompileExec3264484778.dir/link.txt --verbose=1
/usr/bin/cc   -DCHECK_FUNCTION_EXISTS=gethostbyname -O3 -DNDEBUG    CMakeFiles/cmTryCompileExec3264484778.dir/CheckFunctionExists.c.o  -o cmTryCompileExec3264484778 -rdynamic 
make[1]: Leaving directory `/home/cescuder/workspace/openrave_cescuder/build/CMakeFiles/CMakeTmp'


Determining if the function connect exists passed with the following output:
Change Dir: /home/cescuder/workspace/openrave_cescuder/build/CMakeFiles/CMakeTmp

Run Build Command:/usr/bin/make "cmTryCompileExec792476692/fast"
/usr/bin/make -f CMakeFiles/cmTryCompileExec792476692.dir/build.make CMakeFiles/cmTryCompileExec792476692.dir/build
make[1]: Entering directory `/home/cescuder/workspace/openrave_cescuder/build/CMakeFiles/CMakeTmp'
/usr/bin/cmake -E cmake_progress_report /home/cescuder/workspace/openrave_cescuder/build/CMakeFiles/CMakeTmp/CMakeFiles 1
Building C object CMakeFiles/cmTryCompileExec792476692.dir/CheckFunctionExists.c.o
/usr/bin/cc   -DCHECK_FUNCTION_EXISTS=connect -O3 -DNDEBUG   -o CMakeFiles/cmTryCompileExec792476692.dir/CheckFunctionExists.c.o   -c /usr/share/cmake-2.8/Modules/CheckFunctionExists.c
Linking C executable cmTryCompileExec792476692
/usr/bin/cmake -E cmake_link_script CMakeFiles/cmTryCompileExec792476692.dir/link.txt --verbose=1
/usr/bin/cc   -DCHECK_FUNCTION_EXISTS=connect -O3 -DNDEBUG    CMakeFiles/cmTryCompileExec792476692.dir/CheckFunctionExists.c.o  -o cmTryCompileExec792476692 -rdynamic 
make[1]: Leaving directory `/home/cescuder/workspace/openrave_cescuder/build/CMakeFiles/CMakeTmp'


Determining if the function remove exists passed with the following output:
Change Dir: /home/cescuder/workspace/openrave_cescuder/build/CMakeFiles/CMakeTmp

Run Build Command:/usr/bin/make "cmTryCompileExec2617055736/fast"
/usr/bin/make -f CMakeFiles/cmTryCompileExec2617055736.dir/build.make CMakeFiles/cmTryCompileExec2617055736.dir/build
make[1]: Entering directory `/home/cescuder/workspace/openrave_cescuder/build/CMakeFiles/CMakeTmp'
/usr/bin/cmake -E cmake_progress_report /home/cescuder/workspace/openrave_cescuder/build/CMakeFiles/CMakeTmp/CMakeFiles 1
Building C object CMakeFiles/cmTryCompileExec2617055736.dir/CheckFunctionExists.c.o
/usr/bin/cc   -DCHECK_FUNCTION_EXISTS=remove -O3 -DNDEBUG   -o CMakeFiles/cmTryCompileExec2617055736.dir/CheckFunctionExists.c.o   -c /usr/share/cmake-2.8/Modules/CheckFunctionExists.c
Linking C executable cmTryCompileExec2617055736
/usr/bin/cmake -E cmake_link_script CMakeFiles/cmTryCompileExec2617055736.dir/link.txt --verbose=1
/usr/bin/cc   -DCHECK_FUNCTION_EXISTS=remove -O3 -DNDEBUG    CMakeFiles/cmTryCompileExec2617055736.dir/CheckFunctionExists.c.o  -o cmTryCompileExec2617055736 -rdynamic 
make[1]: Leaving directory `/home/cescuder/workspace/openrave_cescuder/build/CMakeFiles/CMakeTmp'


Determining if the function shmat exists passed with the following output:
Change Dir: /home/cescuder/workspace/openrave_cescuder/build/CMakeFiles/CMakeTmp

Run Build Command:/usr/bin/make "cmTryCompileExec407101888/fast"
/usr/bin/make -f CMakeFiles/cmTryCompileExec407101888.dir/build.make CMakeFiles/cmTryCompileExec407101888.dir/build
make[1]: Entering directory `/home/cescuder/workspace/openrave_cescuder/build/CMakeFiles/CMakeTmp'
/usr/bin/cmake -E cmake_progress_report /home/cescuder/workspace/openrave_cescuder/build/CMakeFiles/CMakeTmp/CMakeFiles 1
Building C object CMakeFiles/cmTryCompileExec407101888.dir/CheckFunctionExists.c.o
/usr/bin/cc   -DCHECK_FUNCTION_EXISTS=shmat -O3 -DNDEBUG   -o CMakeFiles/cmTryCompileExec407101888.dir/CheckFunctionExists.c.o   -c /usr/share/cmake-2.8/Modules/CheckFunctionExists.c
Linking C executable cmTryCompileExec407101888
/usr/bin/cmake -E cmake_link_script CMakeFiles/cmTryCompileExec407101888.dir/link.txt --verbose=1
/usr/bin/cc   -DCHECK_FUNCTION_EXISTS=shmat -O3 -DNDEBUG    CMakeFiles/cmTryCompileExec407101888.dir/CheckFunctionExists.c.o  -o cmTryCompileExec407101888 -rdynamic 
make[1]: Leaving directory `/home/cescuder/workspace/openrave_cescuder/build/CMakeFiles/CMakeTmp'


Determining if the function IceConnectionNumber exists in the ICE passed with the following output:
Change Dir: /home/cescuder/workspace/openrave_cescuder/build/CMakeFiles/CMakeTmp

Run Build Command:/usr/bin/make "cmTryCompileExec3496721387/fast"
/usr/bin/make -f CMakeFiles/cmTryCompileExec3496721387.dir/build.make CMakeFiles/cmTryCompileExec3496721387.dir/build
make[1]: Entering directory `/home/cescuder/workspace/openrave_cescuder/build/CMakeFiles/CMakeTmp'
/usr/bin/cmake -E cmake_progress_report /home/cescuder/workspace/openrave_cescuder/build/CMakeFiles/CMakeTmp/CMakeFiles 1
Building C object CMakeFiles/cmTryCompileExec3496721387.dir/CheckFunctionExists.c.o
/usr/bin/cc   -DCHECK_FUNCTION_EXISTS=IceConnectionNumber -O3 -DNDEBUG   -o CMakeFiles/cmTryCompileExec3496721387.dir/CheckFunctionExists.c.o   -c /usr/share/cmake-2.8/Modules/CheckFunctionExists.c
Linking C executable cmTryCompileExec3496721387
/usr/bin/cmake -E cmake_link_script CMakeFiles/cmTryCompileExec3496721387.dir/link.txt --verbose=1
/usr/bin/cc   -DCHECK_FUNCTION_EXISTS=IceConnectionNumber -O3 -DNDEBUG    CMakeFiles/cmTryCompileExec3496721387.dir/CheckFunctionExists.c.o  -o cmTryCompileExec3496721387 -rdynamic -lICE 
make[1]: Leaving directory `/home/cescuder/workspace/openrave_cescuder/build/CMakeFiles/CMakeTmp'


Determining if the include file X11/Xlib.h exists passed with the following output:
Change Dir: /home/cescuder/workspace/openrave_cescuder/build/CMakeFiles/CMakeTmp

Run Build Command:/usr/bin/make "cmTryCompileExec4235638258/fast"
/usr/bin/make -f CMakeFiles/cmTryCompileExec4235638258.dir/build.make CMakeFiles/cmTryCompileExec4235638258.dir/build
make[1]: Entering directory `/home/cescuder/workspace/openrave_cescuder/build/CMakeFiles/CMakeTmp'
/usr/bin/cmake -E cmake_progress_report /home/cescuder/workspace/openrave_cescuder/build/CMakeFiles/CMakeTmp/CMakeFiles 1
Building C object CMakeFiles/cmTryCompileExec4235638258.dir/CheckIncludeFile.c.o
/usr/bin/cc   -O3 -DNDEBUG   -o CMakeFiles/cmTryCompileExec4235638258.dir/CheckIncludeFile.c.o   -c /home/cescuder/workspace/openrave_cescuder/build/CMakeFiles/CMakeTmp/CheckIncludeFile.c
Linking C executable cmTryCompileExec4235638258
/usr/bin/cmake -E cmake_link_script CMakeFiles/cmTryCompileExec4235638258.dir/link.txt --verbose=1
/usr/bin/cc    -O3 -DNDEBUG    CMakeFiles/cmTryCompileExec4235638258.dir/CheckIncludeFile.c.o  -o cmTryCompileExec4235638258 -rdynamic 
make[1]: Leaving directory `/home/cescuder/workspace/openrave_cescuder/build/CMakeFiles/CMakeTmp'


Determining if the function dAllocateODEDataForThread exists passed with the following output:
Change Dir: /home/cescuder/workspace/openrave_cescuder/build/CMakeFiles/CMakeTmp

Run Build Command:/usr/bin/make "cmTryCompileExec162067011/fast"
/usr/bin/make -f CMakeFiles/cmTryCompileExec162067011.dir/build.make CMakeFiles/cmTryCompileExec162067011.dir/build
make[1]: Entering directory `/home/cescuder/workspace/openrave_cescuder/build/CMakeFiles/CMakeTmp'
/usr/bin/cmake -E cmake_progress_report /home/cescuder/workspace/openrave_cescuder/build/CMakeFiles/CMakeTmp/CMakeFiles 1
Building C object CMakeFiles/cmTryCompileExec162067011.dir/CheckFunctionExists.c.o
/usr/bin/cc   -DCHECK_FUNCTION_EXISTS=dAllocateODEDataForThread  -L/usr/local/lib -O3 -DNDEBUG -I/usr/local/include    -o CMakeFiles/cmTryCompileExec162067011.dir/CheckFunctionExists.c.o   -c /usr/share/cmake-2.8/Modules/CheckFunctionExists.c
Linking C executable cmTryCompileExec162067011
/usr/bin/cmake -E cmake_link_script CMakeFiles/cmTryCompileExec162067011.dir/link.txt --verbose=1
/usr/bin/cc   -DCHECK_FUNCTION_EXISTS=dAllocateODEDataForThread  -L/usr/local/lib -O3 -DNDEBUG    CMakeFiles/cmTryCompileExec162067011.dir/CheckFunctionExists.c.o  -o cmTryCompileExec162067011 -rdynamic -lode 
make[1]: Leaving directory `/home/cescuder/workspace/openrave_cescuder/build/CMakeFiles/CMakeTmp'


